This file contains any messages produced by compilers while
running configure, to aid debugging if configure makes a mistake.

It was created by configure, which was
generated by GNU Autoconf 2.69.  Invocation command line was

  $ ./configure --prefix=/home/jay/Desktop/xml_rpc/installation

## --------- ##
## Platform. ##
## --------- ##

hostname = jay-VirtualBox
uname -m = x86_64
uname -r = 3.11.0-rc6+
uname -s = Linux
uname -v = #2 SMP Sun Sep 22 02:57:49 EDT 2013

/usr/bin/uname -p = unknown
/bin/uname -X     = unknown

/bin/arch              = unknown
/usr/bin/arch -k       = unknown
/usr/convex/getsysinfo = unknown
/usr/bin/hostinfo      = unknown
/bin/machine           = unknown
/usr/bin/oslevel       = unknown
/bin/universe          = unknown

PATH: /usr/local/sbin
PATH: /usr/local/bin
PATH: /usr/sbin
PATH: /usr/bin
PATH: /sbin
PATH: /bin


## ----------- ##
## Core tests. ##
## ----------- ##

configure:2340: checking for a BSD-compatible install
configure:2408: result: /usr/bin/install -c
configure:2419: checking whether build environment is sane
configure:2456: result: yes
configure:2468: checking whether make sets $(MAKE)
configure:2490: result: yes
configure:2520: checking for working aclocal
configure:2531: result: missing
configure:2535: checking for working autoconf
configure:2546: result: missing
configure:2550: checking for working automake
configure:2561: result: missing
configure:2565: checking for working autoheader
configure:2576: result: missing
configure:2580: checking for working makeinfo
configure:2591: result: missing
configure:2601: checking build system type
configure:2615: result: x86_64-unknown-linux-gnu
configure:2635: checking host system type
configure:2648: result: x86_64-unknown-linux-gnu
configure:2683: checking for wininet-config
configure:2711: result: no
configure:2720: You don't appear to have Wininet installed (no working wininet-config in your command search path), so we will not build the Wininet client XML transport
configure:2730: checking whether to build Wininet client XML transport module
configure:2732: result: no
configure:2748: checking for curl-config
configure:2776: result: no
configure:2785: You don't appear to have Curl installed (no working curl-config in your command search path), so we will not build the Curl client XML transport
configure:2795: checking whether to build Curl client XML transport module
configure:2797: result: no
configure:2813: checking for libwww-config
configure:2841: result: no
configure:2850: You don't appear to have Libwww installed (no working libwww-config in your command search path), so we will not build the Libwww client XML transport
configure:2860: checking whether to build Libwww client XML transport module
configure:2862: result: no
configure:2920: checking for gcc
configure:2936: found /usr/bin/gcc
configure:2947: result: gcc
configure:3176: checking for C compiler version
configure:3185: gcc --version >&5
gcc (Ubuntu/Linaro 4.7.3-1ubuntu1) 4.7.3
Copyright (C) 2012 Free Software Foundation, Inc.
This is free software; see the source for copying conditions.  There is NO
warranty; not even for MERCHANTABILITY or FITNESS FOR A PARTICULAR PURPOSE.

configure:3196: $? = 0
configure:3185: gcc -v >&5
Using built-in specs.
COLLECT_GCC=gcc
COLLECT_LTO_WRAPPER=/usr/lib/gcc/x86_64-linux-gnu/4.7/lto-wrapper
Target: x86_64-linux-gnu
Configured with: ../src/configure -v --with-pkgversion='Ubuntu/Linaro 4.7.3-1ubuntu1' --with-bugurl=file:///usr/share/doc/gcc-4.7/README.Bugs --enable-languages=c,c++,go,fortran,objc,obj-c++ --prefix=/usr --program-suffix=-4.7 --enable-shared --enable-linker-build-id --libexecdir=/usr/lib --without-included-gettext --enable-threads=posix --with-gxx-include-dir=/usr/include/c++/4.7 --libdir=/usr/lib --enable-nls --with-sysroot=/ --enable-clocale=gnu --enable-libstdcxx-debug --enable-libstdcxx-time=yes --enable-gnu-unique-object --enable-plugin --with-system-zlib --enable-objc-gc --with-cloog --enable-cloog-backend=ppl --disable-cloog-version-check --disable-ppl-version-check --enable-multiarch --disable-werror --with-arch-32=i686 --with-abi=m64 --with-multilib-list=m32,m64,mx32 --with-tune=generic --enable-checking=release --build=x86_64-linux-gnu --host=x86_64-linux-gnu --target=x86_64-linux-gnu
Thread model: posix
gcc version 4.7.3 (Ubuntu/Linaro 4.7.3-1ubuntu1) 
configure:3196: $? = 0
configure:3185: gcc -V >&5
gcc: error: unrecognized command line option '-V'
gcc: fatal error: no input files
compilation terminated.
configure:3196: $? = 4
configure:3185: gcc -qversion >&5
gcc: error: unrecognized command line option '-qversion'
gcc: fatal error: no input files
compilation terminated.
configure:3196: $? = 4
configure:3216: checking whether the C compiler works
configure:3238: gcc    conftest.c  >&5
configure:3242: $? = 0
configure:3290: result: yes
configure:3293: checking for C compiler default output file name
configure:3295: result: a.out
configure:3301: checking for suffix of executables
configure:3308: gcc -o conftest    conftest.c  >&5
configure:3312: $? = 0
configure:3334: result: 
configure:3356: checking whether we are cross compiling
configure:3364: gcc -o conftest    conftest.c  >&5
configure:3368: $? = 0
configure:3375: ./conftest
configure:3379: $? = 0
configure:3394: result: no
configure:3399: checking for suffix of object files
configure:3421: gcc -c   conftest.c >&5
configure:3425: $? = 0
configure:3446: result: o
configure:3450: checking whether we are using the GNU C compiler
configure:3469: gcc -c   conftest.c >&5
configure:3469: $? = 0
configure:3478: result: yes
configure:3487: checking whether gcc accepts -g
configure:3507: gcc -c -g  conftest.c >&5
configure:3507: $? = 0
configure:3548: result: yes
configure:3565: checking for gcc option to accept ISO C89
configure:3628: gcc  -c -g -O2  conftest.c >&5
configure:3628: $? = 0
configure:3641: result: none needed
configure:3662: checking for main in -lncurses
configure:3681: gcc -o conftest -g -O2   conftest.c -lncurses   >&5
/usr/bin/ld: cannot find -lncurses
collect2: error: ld returned 1 exit status
configure:3681: $? = 1
configure: failed program was:
| /* confdefs.h */
| #define PACKAGE_NAME ""
| #define PACKAGE_TARNAME ""
| #define PACKAGE_VERSION ""
| #define PACKAGE_STRING ""
| #define PACKAGE_BUGREPORT ""
| #define PACKAGE_URL ""
| #define PACKAGE "xmlrpc-c"
| #define VERSION "x.xx"
| /* end confdefs.h.  */
| 
| 
| int
| main ()
| {
| return main ();
|   ;
|   return 0;
| }
configure:3690: result: no
configure:3698: checking for main in -lreadline
configure:3717: gcc -o conftest -g -O2   conftest.c -lreadline   >&5
/usr/bin/ld: cannot find -lreadline
collect2: error: ld returned 1 exit status
configure:3717: $? = 1
configure: failed program was:
| /* confdefs.h */
| #define PACKAGE_NAME ""
| #define PACKAGE_TARNAME ""
| #define PACKAGE_VERSION ""
| #define PACKAGE_STRING ""
| #define PACKAGE_BUGREPORT ""
| #define PACKAGE_URL ""
| #define PACKAGE "xmlrpc-c"
| #define VERSION "x.xx"
| /* end confdefs.h.  */
| 
| 
| int
| main ()
| {
| return main ();
|   ;
|   return 0;
| }
configure:3726: result: no
configure:3735: checking whether to build tools
configure:3749: result: no
configure:3788: checking whether to build Abyss server module
configure:3797: result: yes
configure:3821: checking whether to build CGI server module
configure:3830: result: yes
configure:3835: checking whether to build C++ wrappers and tools
configure:3844: result: yes
configure:3925: checking for gcc
configure:3952: result: gcc
configure:4181: checking for C compiler version
configure:4190: gcc --version >&5
gcc (Ubuntu/Linaro 4.7.3-1ubuntu1) 4.7.3
Copyright (C) 2012 Free Software Foundation, Inc.
This is free software; see the source for copying conditions.  There is NO
warranty; not even for MERCHANTABILITY or FITNESS FOR A PARTICULAR PURPOSE.

configure:4201: $? = 0
configure:4190: gcc -v >&5
Using built-in specs.
COLLECT_GCC=gcc
COLLECT_LTO_WRAPPER=/usr/lib/gcc/x86_64-linux-gnu/4.7/lto-wrapper
Target: x86_64-linux-gnu
Configured with: ../src/configure -v --with-pkgversion='Ubuntu/Linaro 4.7.3-1ubuntu1' --with-bugurl=file:///usr/share/doc/gcc-4.7/README.Bugs --enable-languages=c,c++,go,fortran,objc,obj-c++ --prefix=/usr --program-suffix=-4.7 --enable-shared --enable-linker-build-id --libexecdir=/usr/lib --without-included-gettext --enable-threads=posix --with-gxx-include-dir=/usr/include/c++/4.7 --libdir=/usr/lib --enable-nls --with-sysroot=/ --enable-clocale=gnu --enable-libstdcxx-debug --enable-libstdcxx-time=yes --enable-gnu-unique-object --enable-plugin --with-system-zlib --enable-objc-gc --with-cloog --enable-cloog-backend=ppl --disable-cloog-version-check --disable-ppl-version-check --enable-multiarch --disable-werror --with-arch-32=i686 --with-abi=m64 --with-multilib-list=m32,m64,mx32 --with-tune=generic --enable-checking=release --build=x86_64-linux-gnu --host=x86_64-linux-gnu --target=x86_64-linux-gnu
Thread model: posix
gcc version 4.7.3 (Ubuntu/Linaro 4.7.3-1ubuntu1) 
configure:4201: $? = 0
configure:4190: gcc -V >&5
gcc: error: unrecognized command line option '-V'
gcc: fatal error: no input files
compilation terminated.
configure:4201: $? = 4
configure:4190: gcc -qversion >&5
gcc: error: unrecognized command line option '-qversion'
gcc: fatal error: no input files
compilation terminated.
configure:4201: $? = 4
configure:4205: checking whether we are using the GNU C compiler
configure:4233: result: yes
configure:4242: checking whether gcc accepts -g
configure:4303: result: yes
configure:4320: checking for gcc option to accept ISO C89
configure:4396: result: none needed
configure:4475: checking for g++
configure:4491: found /usr/bin/g++
configure:4502: result: g++
configure:4529: checking for C++ compiler version
configure:4538: g++ --version >&5
g++ (Ubuntu/Linaro 4.7.3-1ubuntu1) 4.7.3
Copyright (C) 2012 Free Software Foundation, Inc.
This is free software; see the source for copying conditions.  There is NO
warranty; not even for MERCHANTABILITY or FITNESS FOR A PARTICULAR PURPOSE.

configure:4549: $? = 0
configure:4538: g++ -v >&5
Using built-in specs.
COLLECT_GCC=g++
COLLECT_LTO_WRAPPER=/usr/lib/gcc/x86_64-linux-gnu/4.7/lto-wrapper
Target: x86_64-linux-gnu
Configured with: ../src/configure -v --with-pkgversion='Ubuntu/Linaro 4.7.3-1ubuntu1' --with-bugurl=file:///usr/share/doc/gcc-4.7/README.Bugs --enable-languages=c,c++,go,fortran,objc,obj-c++ --prefix=/usr --program-suffix=-4.7 --enable-shared --enable-linker-build-id --libexecdir=/usr/lib --without-included-gettext --enable-threads=posix --with-gxx-include-dir=/usr/include/c++/4.7 --libdir=/usr/lib --enable-nls --with-sysroot=/ --enable-clocale=gnu --enable-libstdcxx-debug --enable-libstdcxx-time=yes --enable-gnu-unique-object --enable-plugin --with-system-zlib --enable-objc-gc --with-cloog --enable-cloog-backend=ppl --disable-cloog-version-check --disable-ppl-version-check --enable-multiarch --disable-werror --with-arch-32=i686 --with-abi=m64 --with-multilib-list=m32,m64,mx32 --with-tune=generic --enable-checking=release --build=x86_64-linux-gnu --host=x86_64-linux-gnu --target=x86_64-linux-gnu
Thread model: posix
gcc version 4.7.3 (Ubuntu/Linaro 4.7.3-1ubuntu1) 
configure:4549: $? = 0
configure:4538: g++ -V >&5
g++: error: unrecognized command line option '-V'
g++: fatal error: no input files
compilation terminated.
configure:4549: $? = 4
configure:4538: g++ -qversion >&5
g++: error: unrecognized command line option '-qversion'
g++: fatal error: no input files
compilation terminated.
configure:4549: $? = 4
configure:4553: checking whether we are using the GNU C++ compiler
configure:4572: g++ -c   conftest.cpp >&5
configure:4572: $? = 0
configure:4581: result: yes
configure:4590: checking whether g++ accepts -g
configure:4610: g++ -c -g  conftest.cpp >&5
configure:4610: $? = 0
configure:4651: result: yes
configure:4683: checking for socket
configure:4683: gcc -o conftest -g -O2   conftest.c  >&5
configure:4683: $? = 0
configure:4683: result: yes
configure:4758: checking how to run the C preprocessor
configure:4789: gcc -E  conftest.c
configure:4789: $? = 0
configure:4803: gcc -E  conftest.c
conftest.c:11:28: fatal error: ac_nonexistent.h: No such file or directory
compilation terminated.
configure:4803: $? = 1
configure: failed program was:
| /* confdefs.h */
| #define PACKAGE_NAME ""
| #define PACKAGE_TARNAME ""
| #define PACKAGE_VERSION ""
| #define PACKAGE_STRING ""
| #define PACKAGE_BUGREPORT ""
| #define PACKAGE_URL ""
| #define PACKAGE "xmlrpc-c"
| #define VERSION "x.xx"
| /* end confdefs.h.  */
| #include <ac_nonexistent.h>
configure:4828: result: gcc -E
configure:4848: gcc -E  conftest.c
configure:4848: $? = 0
configure:4862: gcc -E  conftest.c
conftest.c:11:28: fatal error: ac_nonexistent.h: No such file or directory
compilation terminated.
configure:4862: $? = 1
configure: failed program was:
| /* confdefs.h */
| #define PACKAGE_NAME ""
| #define PACKAGE_TARNAME ""
| #define PACKAGE_VERSION ""
| #define PACKAGE_STRING ""
| #define PACKAGE_BUGREPORT ""
| #define PACKAGE_URL ""
| #define PACKAGE "xmlrpc-c"
| #define VERSION "x.xx"
| /* end confdefs.h.  */
| #include <ac_nonexistent.h>
configure:4891: checking for grep that handles long lines and -e
configure:4949: result: /bin/grep
configure:4954: checking for egrep
configure:5016: result: /bin/grep -E
configure:5021: checking for ANSI C header files
configure:5041: gcc -c -g -O2  conftest.c >&5
configure:5041: $? = 0
configure:5114: gcc -o conftest -g -O2   conftest.c  >&5
configure:5114: $? = 0
configure:5114: ./conftest
configure:5114: $? = 0
configure:5125: result: yes
configure:5140: checking for sys/types.h
configure:5140: gcc -c -g -O2  conftest.c >&5
configure:5140: $? = 0
configure:5140: result: yes
configure:5140: checking for sys/stat.h
configure:5140: gcc -c -g -O2  conftest.c >&5
configure:5140: $? = 0
configure:5140: result: yes
configure:5140: checking for stdlib.h
configure:5140: gcc -c -g -O2  conftest.c >&5
configure:5140: $? = 0
configure:5140: result: yes
configure:5140: checking for string.h
configure:5140: gcc -c -g -O2  conftest.c >&5
configure:5140: $? = 0
configure:5140: result: yes
configure:5140: checking for memory.h
configure:5140: gcc -c -g -O2  conftest.c >&5
configure:5140: $? = 0
configure:5140: result: yes
configure:5140: checking for strings.h
configure:5140: gcc -c -g -O2  conftest.c >&5
configure:5140: $? = 0
configure:5140: result: yes
configure:5140: checking for inttypes.h
configure:5140: gcc -c -g -O2  conftest.c >&5
configure:5140: $? = 0
configure:5140: result: yes
configure:5140: checking for stdint.h
configure:5140: gcc -c -g -O2  conftest.c >&5
configure:5140: $? = 0
configure:5140: result: yes
configure:5140: checking for unistd.h
configure:5140: gcc -c -g -O2  conftest.c >&5
configure:5140: $? = 0
configure:5140: result: yes
configure:5154: checking wchar.h usability
configure:5154: gcc -c -g -O2  conftest.c >&5
configure:5154: $? = 0
configure:5154: result: yes
configure:5154: checking wchar.h presence
configure:5154: gcc -E  conftest.c
configure:5154: $? = 0
configure:5154: result: yes
configure:5154: checking for wchar.h
configure:5154: result: yes
configure:5176: checking sys/filio.h usability
configure:5176: gcc -c -g -O2  conftest.c >&5
conftest.c:55:23: fatal error: sys/filio.h: No such file or directory
compilation terminated.
configure:5176: $? = 1
configure: failed program was:
| /* confdefs.h */
| #define PACKAGE_NAME ""
| #define PACKAGE_TARNAME ""
| #define PACKAGE_VERSION ""
| #define PACKAGE_STRING ""
| #define PACKAGE_BUGREPORT ""
| #define PACKAGE_URL ""
| #define PACKAGE "xmlrpc-c"
| #define VERSION "x.xx"
| #define STDC_HEADERS 1
| #define HAVE_SYS_TYPES_H 1
| #define HAVE_SYS_STAT_H 1
| #define HAVE_STDLIB_H 1
| #define HAVE_STRING_H 1
| #define HAVE_MEMORY_H 1
| #define HAVE_STRINGS_H 1
| #define HAVE_INTTYPES_H 1
| #define HAVE_STDINT_H 1
| #define HAVE_UNISTD_H 1
| #define HAVE_WCHAR_H 1
| /* end confdefs.h.  */
| #include <stdio.h>
| #ifdef HAVE_SYS_TYPES_H
| # include <sys/types.h>
| #endif
| #ifdef HAVE_SYS_STAT_H
| # include <sys/stat.h>
| #endif
| #ifdef STDC_HEADERS
| # include <stdlib.h>
| # include <stddef.h>
| #else
| # ifdef HAVE_STDLIB_H
| #  include <stdlib.h>
| # endif
| #endif
| #ifdef HAVE_STRING_H
| # if !defined STDC_HEADERS && defined HAVE_MEMORY_H
| #  include <memory.h>
| # endif
| # include <string.h>
| #endif
| #ifdef HAVE_STRINGS_H
| # include <strings.h>
| #endif
| #ifdef HAVE_INTTYPES_H
| # include <inttypes.h>
| #endif
| #ifdef HAVE_STDINT_H
| # include <stdint.h>
| #endif
| #ifdef HAVE_UNISTD_H
| # include <unistd.h>
| #endif
| #include <sys/filio.h>
configure:5176: result: no
configure:5176: checking sys/filio.h presence
configure:5176: gcc -E  conftest.c
conftest.c:22:23: fatal error: sys/filio.h: No such file or directory
compilation terminated.
configure:5176: $? = 1
configure: failed program was:
| /* confdefs.h */
| #define PACKAGE_NAME ""
| #define PACKAGE_TARNAME ""
| #define PACKAGE_VERSION ""
| #define PACKAGE_STRING ""
| #define PACKAGE_BUGREPORT ""
| #define PACKAGE_URL ""
| #define PACKAGE "xmlrpc-c"
| #define VERSION "x.xx"
| #define STDC_HEADERS 1
| #define HAVE_SYS_TYPES_H 1
| #define HAVE_SYS_STAT_H 1
| #define HAVE_STDLIB_H 1
| #define HAVE_STRING_H 1
| #define HAVE_MEMORY_H 1
| #define HAVE_STRINGS_H 1
| #define HAVE_INTTYPES_H 1
| #define HAVE_STDINT_H 1
| #define HAVE_UNISTD_H 1
| #define HAVE_WCHAR_H 1
| /* end confdefs.h.  */
| #include <sys/filio.h>
configure:5176: result: no
configure:5176: checking for sys/filio.h
configure:5176: result: no
configure:5197: checking sys/ioctl.h usability
configure:5197: gcc -c -g -O2  conftest.c >&5
configure:5197: $? = 0
configure:5197: result: yes
configure:5197: checking sys/ioctl.h presence
configure:5197: gcc -E  conftest.c
configure:5197: $? = 0
configure:5197: result: yes
configure:5197: checking for sys/ioctl.h
configure:5197: result: yes
configure:5216: checking sys/select.h usability
configure:5216: gcc -c -g -O2  conftest.c >&5
configure:5216: $? = 0
configure:5216: result: yes
configure:5216: checking sys/select.h presence
configure:5216: gcc -E  conftest.c
configure:5216: $? = 0
configure:5216: result: yes
configure:5216: checking for sys/select.h
configure:5216: result: yes
configure:5236: checking stdarg.h usability
configure:5236: gcc -c -g -O2  conftest.c >&5
configure:5236: $? = 0
configure:5236: result: yes
configure:5236: checking stdarg.h presence
configure:5236: gcc -E  conftest.c
configure:5236: $? = 0
configure:5236: result: yes
configure:5236: checking for stdarg.h
configure:5236: result: yes
configure:5253: checking for size_t
configure:5253: gcc -c -g -O2  conftest.c >&5
configure:5253: $? = 0
configure:5253: gcc -c -g -O2  conftest.c >&5
conftest.c: In function 'main':
conftest.c:61:21: error: expected expression before ')' token
configure:5253: $? = 1
configure: failed program was:
| /* confdefs.h */
| #define PACKAGE_NAME ""
| #define PACKAGE_TARNAME ""
| #define PACKAGE_VERSION ""
| #define PACKAGE_STRING ""
| #define PACKAGE_BUGREPORT ""
| #define PACKAGE_URL ""
| #define PACKAGE "xmlrpc-c"
| #define VERSION "x.xx"
| #define STDC_HEADERS 1
| #define HAVE_SYS_TYPES_H 1
| #define HAVE_SYS_STAT_H 1
| #define HAVE_STDLIB_H 1
| #define HAVE_STRING_H 1
| #define HAVE_MEMORY_H 1
| #define HAVE_STRINGS_H 1
| #define HAVE_INTTYPES_H 1
| #define HAVE_STDINT_H 1
| #define HAVE_UNISTD_H 1
| #define HAVE_WCHAR_H 1
| #define HAVE_SYS_IOCTL_H 1
| #define HAVE_SYS_SELECT_H 1
| #define HAVE_STDARG_H 1
| /* end confdefs.h.  */
| #include <stdio.h>
| #ifdef HAVE_SYS_TYPES_H
| # include <sys/types.h>
| #endif
| #ifdef HAVE_SYS_STAT_H
| # include <sys/stat.h>
| #endif
| #ifdef STDC_HEADERS
| # include <stdlib.h>
| # include <stddef.h>
| #else
| # ifdef HAVE_STDLIB_H
| #  include <stdlib.h>
| # endif
| #endif
| #ifdef HAVE_STRING_H
| # if !defined STDC_HEADERS && defined HAVE_MEMORY_H
| #  include <memory.h>
| # endif
| # include <string.h>
| #endif
| #ifdef HAVE_STRINGS_H
| # include <strings.h>
| #endif
| #ifdef HAVE_INTTYPES_H
| # include <inttypes.h>
| #endif
| #ifdef HAVE_STDINT_H
| # include <stdint.h>
| #endif
| #ifdef HAVE_UNISTD_H
| # include <unistd.h>
| #endif
| int
| main ()
| {
| if (sizeof ((size_t)))
| 	    return 0;
|   ;
|   return 0;
| }
configure:5253: result: yes
configure:5266: checking whether va_list is an array
configure:5281: gcc -c -g -O2  conftest.c >&5
conftest.c: In function 'main':
conftest.c:31:29: error: incompatible types when assigning to type 'va_list' from type 'struct __va_list_tag *'
configure:5281: $? = 1
configure: failed program was:
| /* confdefs.h */
| #define PACKAGE_NAME ""
| #define PACKAGE_TARNAME ""
| #define PACKAGE_VERSION ""
| #define PACKAGE_STRING ""
| #define PACKAGE_BUGREPORT ""
| #define PACKAGE_URL ""
| #define PACKAGE "xmlrpc-c"
| #define VERSION "x.xx"
| #define STDC_HEADERS 1
| #define HAVE_SYS_TYPES_H 1
| #define HAVE_SYS_STAT_H 1
| #define HAVE_STDLIB_H 1
| #define HAVE_STRING_H 1
| #define HAVE_MEMORY_H 1
| #define HAVE_STRINGS_H 1
| #define HAVE_INTTYPES_H 1
| #define HAVE_STDINT_H 1
| #define HAVE_UNISTD_H 1
| #define HAVE_WCHAR_H 1
| #define HAVE_SYS_IOCTL_H 1
| #define HAVE_SYS_SELECT_H 1
| #define HAVE_STDARG_H 1
| /* end confdefs.h.  */
| 
| #include <stdarg.h>
| 
| int
| main ()
| {
| va_list list1, list2; list1 = list2;
|   ;
|   return 0;
| }
configure:5287: result: yes
configure:5296: checking whether compiler has __attribute__
configure:5309: gcc -c -g -O2  conftest.c >&5
configure:5309: $? = 0
configure:5315: result: yes
configure:5326: checking for vsnprintf
configure:5326: gcc -o conftest -g -O2   conftest.c  >&5
conftest.c:48:6: warning: conflicting types for built-in function 'vsnprintf' [enabled by default]
configure:5326: $? = 0
configure:5326: result: yes
configure:5338: checking for wcsncmp
configure:5338: gcc -o conftest -g -O2   conftest.c  >&5
configure:5338: $? = 0
configure:5338: result: yes
configure:5350: checking for setgroups
configure:5350: gcc -o conftest -g -O2   conftest.c  >&5
configure:5350: $? = 0
configure:5350: result: yes
configure:5362: checking for asprintf
configure:5362: gcc -o conftest -g -O2   conftest.c  >&5
configure:5362: $? = 0
configure:5362: result: yes
configure:5375: checking for setenv
configure:5375: gcc -o conftest -g -O2   conftest.c  >&5
configure:5375: $? = 0
configure:5375: result: yes
configure:5375: checking for strtoll
configure:5375: gcc -o conftest -g -O2   conftest.c  >&5
configure:5375: $? = 0
configure:5375: result: yes
configure:5375: checking for strtoull
configure:5375: gcc -o conftest -g -O2   conftest.c  >&5
configure:5375: $? = 0
configure:5375: result: yes
configure:5375: checking for strtoq
configure:5375: gcc -o conftest -g -O2   conftest.c  >&5
configure:5375: $? = 0
configure:5375: result: yes
configure:5375: checking for strtouq
configure:5375: gcc -o conftest -g -O2   conftest.c  >&5
configure:5375: $? = 0
configure:5375: result: yes
configure:5375: checking for __strtoll
configure:5375: gcc -o conftest -g -O2   conftest.c  >&5
/tmp/ccddmoZB.o: In function `main':
/home/jay/Desktop/xml_rpc/xmlrpc-c/conftest.c:67: undefined reference to `__strtoll'
collect2: error: ld returned 1 exit status
configure:5375: $? = 1
configure: failed program was:
| /* confdefs.h */
| #define PACKAGE_NAME ""
| #define PACKAGE_TARNAME ""
| #define PACKAGE_VERSION ""
| #define PACKAGE_STRING ""
| #define PACKAGE_BUGREPORT ""
| #define PACKAGE_URL ""
| #define PACKAGE "xmlrpc-c"
| #define VERSION "x.xx"
| #define STDC_HEADERS 1
| #define HAVE_SYS_TYPES_H 1
| #define HAVE_SYS_STAT_H 1
| #define HAVE_STDLIB_H 1
| #define HAVE_STRING_H 1
| #define HAVE_MEMORY_H 1
| #define HAVE_STRINGS_H 1
| #define HAVE_INTTYPES_H 1
| #define HAVE_STDINT_H 1
| #define HAVE_UNISTD_H 1
| #define HAVE_WCHAR_H 1
| #define HAVE_SYS_IOCTL_H 1
| #define HAVE_SYS_SELECT_H 1
| #define HAVE_STDARG_H 1
| #define HAVE_WCSNCMP 1
| #define HAVE_SETGROUPS 1
| #define HAVE_ASPRINTF 1
| #define HAVE_SETENV 1
| #define HAVE_STRTOLL 1
| #define HAVE_STRTOULL 1
| #define HAVE_STRTOQ 1
| #define HAVE_STRTOUQ 1
| /* end confdefs.h.  */
| /* Define __strtoll to an innocuous variant, in case <limits.h> declares __strtoll.
|    For example, HP-UX 11i <limits.h> declares gettimeofday.  */
| #define __strtoll innocuous___strtoll
| 
| /* System header to define __stub macros and hopefully few prototypes,
|     which can conflict with char __strtoll (); below.
|     Prefer <limits.h> to <assert.h> if __STDC__ is defined, since
|     <limits.h> exists even on freestanding compilers.  */
| 
| #ifdef __STDC__
| # include <limits.h>
| #else
| # include <assert.h>
| #endif
| 
| #undef __strtoll
| 
| /* Override any GCC internal prototype to avoid an error.
|    Use char because int might match the return type of a GCC
|    builtin and then its argument prototype would still apply.  */
| #ifdef __cplusplus
| extern "C"
| #endif
| char __strtoll ();
| /* The GNU C library defines this for functions which it implements
|     to always fail with ENOSYS.  Some functions are actually named
|     something starting with __ and the normal name is an alias.  */
| #if defined __stub___strtoll || defined __stub_____strtoll
| choke me
| #endif
| 
| int
| main ()
| {
| return __strtoll ();
|   ;
|   return 0;
| }
configure:5375: result: no
configure:5375: checking for __strtoull
configure:5375: gcc -o conftest -g -O2   conftest.c  >&5
/tmp/cczNSWK6.o: In function `main':
/home/jay/Desktop/xml_rpc/xmlrpc-c/conftest.c:67: undefined reference to `__strtoull'
collect2: error: ld returned 1 exit status
configure:5375: $? = 1
configure: failed program was:
| /* confdefs.h */
| #define PACKAGE_NAME ""
| #define PACKAGE_TARNAME ""
| #define PACKAGE_VERSION ""
| #define PACKAGE_STRING ""
| #define PACKAGE_BUGREPORT ""
| #define PACKAGE_URL ""
| #define PACKAGE "xmlrpc-c"
| #define VERSION "x.xx"
| #define STDC_HEADERS 1
| #define HAVE_SYS_TYPES_H 1
| #define HAVE_SYS_STAT_H 1
| #define HAVE_STDLIB_H 1
| #define HAVE_STRING_H 1
| #define HAVE_MEMORY_H 1
| #define HAVE_STRINGS_H 1
| #define HAVE_INTTYPES_H 1
| #define HAVE_STDINT_H 1
| #define HAVE_UNISTD_H 1
| #define HAVE_WCHAR_H 1
| #define HAVE_SYS_IOCTL_H 1
| #define HAVE_SYS_SELECT_H 1
| #define HAVE_STDARG_H 1
| #define HAVE_WCSNCMP 1
| #define HAVE_SETGROUPS 1
| #define HAVE_ASPRINTF 1
| #define HAVE_SETENV 1
| #define HAVE_STRTOLL 1
| #define HAVE_STRTOULL 1
| #define HAVE_STRTOQ 1
| #define HAVE_STRTOUQ 1
| /* end confdefs.h.  */
| /* Define __strtoull to an innocuous variant, in case <limits.h> declares __strtoull.
|    For example, HP-UX 11i <limits.h> declares gettimeofday.  */
| #define __strtoull innocuous___strtoull
| 
| /* System header to define __stub macros and hopefully few prototypes,
|     which can conflict with char __strtoull (); below.
|     Prefer <limits.h> to <assert.h> if __STDC__ is defined, since
|     <limits.h> exists even on freestanding compilers.  */
| 
| #ifdef __STDC__
| # include <limits.h>
| #else
| # include <assert.h>
| #endif
| 
| #undef __strtoull
| 
| /* Override any GCC internal prototype to avoid an error.
|    Use char because int might match the return type of a GCC
|    builtin and then its argument prototype would still apply.  */
| #ifdef __cplusplus
| extern "C"
| #endif
| char __strtoull ();
| /* The GNU C library defines this for functions which it implements
|     to always fail with ENOSYS.  Some functions are actually named
|     something starting with __ and the normal name is an alias.  */
| #if defined __stub___strtoull || defined __stub_____strtoull
| choke me
| #endif
| 
| int
| main ()
| {
| return __strtoull ();
|   ;
|   return 0;
| }
configure:5375: result: no
configure:5387: checking for pselect
configure:5387: gcc -o conftest -g -O2   conftest.c  >&5
configure:5387: $? = 0
configure:5387: result: yes
configure:5399: checking for gettimeofday
configure:5399: gcc -o conftest -g -O2   conftest.c  >&5
configure:5399: $? = 0
configure:5399: result: yes
configure:5410: checking for localtime_r
configure:5410: gcc -o conftest -g -O2   conftest.c  >&5
configure:5410: $? = 0
configure:5410: result: yes
configure:5421: checking for gmtime_r
configure:5421: gcc -o conftest -g -O2   conftest.c  >&5
configure:5421: $? = 0
configure:5421: result: yes
configure:5433: checking for strcasecmp
configure:5433: gcc -o conftest -g -O2   conftest.c  >&5
conftest.c:60:6: warning: conflicting types for built-in function 'strcasecmp' [enabled by default]
configure:5433: $? = 0
configure:5433: result: yes
configure:5444: checking for stricmp
configure:5444: gcc -o conftest -g -O2   conftest.c  >&5
/tmp/ccEErucc.o: In function `main':
/home/jay/Desktop/xml_rpc/xmlrpc-c/conftest.c:72: undefined reference to `stricmp'
collect2: error: ld returned 1 exit status
configure:5444: $? = 1
configure: failed program was:
| /* confdefs.h */
| #define PACKAGE_NAME ""
| #define PACKAGE_TARNAME ""
| #define PACKAGE_VERSION ""
| #define PACKAGE_STRING ""
| #define PACKAGE_BUGREPORT ""
| #define PACKAGE_URL ""
| #define PACKAGE "xmlrpc-c"
| #define VERSION "x.xx"
| #define STDC_HEADERS 1
| #define HAVE_SYS_TYPES_H 1
| #define HAVE_SYS_STAT_H 1
| #define HAVE_STDLIB_H 1
| #define HAVE_STRING_H 1
| #define HAVE_MEMORY_H 1
| #define HAVE_STRINGS_H 1
| #define HAVE_INTTYPES_H 1
| #define HAVE_STDINT_H 1
| #define HAVE_UNISTD_H 1
| #define HAVE_WCHAR_H 1
| #define HAVE_SYS_IOCTL_H 1
| #define HAVE_SYS_SELECT_H 1
| #define HAVE_STDARG_H 1
| #define HAVE_WCSNCMP 1
| #define HAVE_SETGROUPS 1
| #define HAVE_ASPRINTF 1
| #define HAVE_SETENV 1
| #define HAVE_STRTOLL 1
| #define HAVE_STRTOULL 1
| #define HAVE_STRTOQ 1
| #define HAVE_STRTOUQ 1
| #define HAVE_PSELECT 1
| #define HAVE_GETTIMEOFDAY 1
| #define HAVE_LOCALTIME_R 1
| #define HAVE_GMTIME_R 1
| #define HAVE_STRCASECMP 1
| /* end confdefs.h.  */
| /* Define stricmp to an innocuous variant, in case <limits.h> declares stricmp.
|    For example, HP-UX 11i <limits.h> declares gettimeofday.  */
| #define stricmp innocuous_stricmp
| 
| /* System header to define __stub macros and hopefully few prototypes,
|     which can conflict with char stricmp (); below.
|     Prefer <limits.h> to <assert.h> if __STDC__ is defined, since
|     <limits.h> exists even on freestanding compilers.  */
| 
| #ifdef __STDC__
| # include <limits.h>
| #else
| # include <assert.h>
| #endif
| 
| #undef stricmp
| 
| /* Override any GCC internal prototype to avoid an error.
|    Use char because int might match the return type of a GCC
|    builtin and then its argument prototype would still apply.  */
| #ifdef __cplusplus
| extern "C"
| #endif
| char stricmp ();
| /* The GNU C library defines this for functions which it implements
|     to always fail with ENOSYS.  Some functions are actually named
|     something starting with __ and the normal name is an alias.  */
| #if defined __stub_stricmp || defined __stub___stricmp
| choke me
| #endif
| 
| int
| main ()
| {
| return stricmp ();
|   ;
|   return 0;
| }
configure:5444: result: no
configure:5455: checking for _stricmp
configure:5455: gcc -o conftest -g -O2   conftest.c  >&5
/tmp/cc2jFAvp.o: In function `main':
/home/jay/Desktop/xml_rpc/xmlrpc-c/conftest.c:72: undefined reference to `_stricmp'
collect2: error: ld returned 1 exit status
configure:5455: $? = 1
configure: failed program was:
| /* confdefs.h */
| #define PACKAGE_NAME ""
| #define PACKAGE_TARNAME ""
| #define PACKAGE_VERSION ""
| #define PACKAGE_STRING ""
| #define PACKAGE_BUGREPORT ""
| #define PACKAGE_URL ""
| #define PACKAGE "xmlrpc-c"
| #define VERSION "x.xx"
| #define STDC_HEADERS 1
| #define HAVE_SYS_TYPES_H 1
| #define HAVE_SYS_STAT_H 1
| #define HAVE_STDLIB_H 1
| #define HAVE_STRING_H 1
| #define HAVE_MEMORY_H 1
| #define HAVE_STRINGS_H 1
| #define HAVE_INTTYPES_H 1
| #define HAVE_STDINT_H 1
| #define HAVE_UNISTD_H 1
| #define HAVE_WCHAR_H 1
| #define HAVE_SYS_IOCTL_H 1
| #define HAVE_SYS_SELECT_H 1
| #define HAVE_STDARG_H 1
| #define HAVE_WCSNCMP 1
| #define HAVE_SETGROUPS 1
| #define HAVE_ASPRINTF 1
| #define HAVE_SETENV 1
| #define HAVE_STRTOLL 1
| #define HAVE_STRTOULL 1
| #define HAVE_STRTOQ 1
| #define HAVE_STRTOUQ 1
| #define HAVE_PSELECT 1
| #define HAVE_GETTIMEOFDAY 1
| #define HAVE_LOCALTIME_R 1
| #define HAVE_GMTIME_R 1
| #define HAVE_STRCASECMP 1
| /* end confdefs.h.  */
| /* Define _stricmp to an innocuous variant, in case <limits.h> declares _stricmp.
|    For example, HP-UX 11i <limits.h> declares gettimeofday.  */
| #define _stricmp innocuous__stricmp
| 
| /* System header to define __stub macros and hopefully few prototypes,
|     which can conflict with char _stricmp (); below.
|     Prefer <limits.h> to <assert.h> if __STDC__ is defined, since
|     <limits.h> exists even on freestanding compilers.  */
| 
| #ifdef __STDC__
| # include <limits.h>
| #else
| # include <assert.h>
| #endif
| 
| #undef _stricmp
| 
| /* Override any GCC internal prototype to avoid an error.
|    Use char because int might match the return type of a GCC
|    builtin and then its argument prototype would still apply.  */
| #ifdef __cplusplus
| extern "C"
| #endif
| char _stricmp ();
| /* The GNU C library defines this for functions which it implements
|     to always fail with ENOSYS.  Some functions are actually named
|     something starting with __ and the normal name is an alias.  */
| #if defined __stub__stricmp || defined __stub____stricmp
| choke me
| #endif
| 
| int
| main ()
| {
| return _stricmp ();
|   ;
|   return 0;
| }
configure:5455: result: no
configure:5478: checking whether to use Abyss pthread function
configure:5487: result: yes
configure:5768: checking whether to use SSL with libwww
configure:5775: result: no
configure:5791: checking whether to build the libxml2 backend
configure:5793: result: no
configure:5979: creating ./config.status

## ---------------------- ##
## Running config.status. ##
## ---------------------- ##

This file was extended by config.status, which was
generated by GNU Autoconf 2.69.  Invocation command line was

  CONFIG_FILES    = 
  CONFIG_HEADERS  = 
  CONFIG_LINKS    = 
  CONFIG_COMMANDS = 
  $ ./config.status 

on jay-VirtualBox

config.status:909: creating srcdir.mk
config.status:909: creating config.mk
config.status:909: creating xmlrpc_config.h
config.status:909: creating xmlrpc_amconfig.h
config.status:1098: executing default-1 commands
configure:7177: ==>
configure:7179: ==>We are not building any client XML transport (see earlier messages explaining why), therefore WE WILL NOT BUILD THE CLIENT LIBRARY.
configure:7181: ==>

## ---------------- ##
## Cache variables. ##
## ---------------- ##

ac_cv_build=x86_64-unknown-linux-gnu
ac_cv_c_compiler_gnu=yes
ac_cv_cxx_compiler_gnu=yes
ac_cv_env_CCC_set=
ac_cv_env_CCC_value=
ac_cv_env_CC_set=
ac_cv_env_CC_value=
ac_cv_env_CFLAGS_set=
ac_cv_env_CFLAGS_value=
ac_cv_env_CPPFLAGS_set=
ac_cv_env_CPPFLAGS_value=
ac_cv_env_CPP_set=
ac_cv_env_CPP_value=
ac_cv_env_CXXFLAGS_set=
ac_cv_env_CXXFLAGS_value=
ac_cv_env_CXX_set=
ac_cv_env_CXX_value=
ac_cv_env_LDFLAGS_set=
ac_cv_env_LDFLAGS_value=
ac_cv_env_LIBS_set=
ac_cv_env_LIBS_value=
ac_cv_env_build_alias_set=
ac_cv_env_build_alias_value=
ac_cv_env_host_alias_set=
ac_cv_env_host_alias_value=
ac_cv_env_target_alias_set=
ac_cv_env_target_alias_value=
ac_cv_func___strtoll=no
ac_cv_func___strtoull=no
ac_cv_func__stricmp=no
ac_cv_func_asprintf=yes
ac_cv_func_gettimeofday=yes
ac_cv_func_gmtime_r=yes
ac_cv_func_localtime_r=yes
ac_cv_func_pselect=yes
ac_cv_func_setenv=yes
ac_cv_func_setgroups=yes
ac_cv_func_socket=yes
ac_cv_func_strcasecmp=yes
ac_cv_func_stricmp=no
ac_cv_func_strtoll=yes
ac_cv_func_strtoq=yes
ac_cv_func_strtoull=yes
ac_cv_func_strtouq=yes
ac_cv_func_vsnprintf=yes
ac_cv_func_wcsncmp=yes
ac_cv_header_inttypes_h=yes
ac_cv_header_memory_h=yes
ac_cv_header_stdarg_h=yes
ac_cv_header_stdc=yes
ac_cv_header_stdint_h=yes
ac_cv_header_stdlib_h=yes
ac_cv_header_string_h=yes
ac_cv_header_strings_h=yes
ac_cv_header_sys_filio_h=no
ac_cv_header_sys_ioctl_h=yes
ac_cv_header_sys_select_h=yes
ac_cv_header_sys_stat_h=yes
ac_cv_header_sys_types_h=yes
ac_cv_header_unistd_h=yes
ac_cv_header_wchar_h=yes
ac_cv_host=x86_64-unknown-linux-gnu
ac_cv_lib_ncurses_main=no
ac_cv_lib_readline_main=no
ac_cv_objext=o
ac_cv_path_EGREP='/bin/grep -E'
ac_cv_path_GREP=/bin/grep
ac_cv_path_install='/usr/bin/install -c'
ac_cv_prog_CPP='gcc -E'
ac_cv_prog_ac_ct_CC=gcc
ac_cv_prog_ac_ct_CXX=g++
ac_cv_prog_cc_c89=
ac_cv_prog_cc_g=yes
ac_cv_prog_cxx_g=yes
ac_cv_prog_have_curl_config=no
ac_cv_prog_have_libwww_config=no
ac_cv_prog_have_wininet_config=no
ac_cv_prog_make_make_set=yes
ac_cv_type_size_t=yes

## ----------------- ##
## Output variables. ##
## ----------------- ##

ABYSS_SUBDIR='abyss'
ACLOCAL='/home/jay/Desktop/xml_rpc/xmlrpc-c/missing aclocal'
AR='ar'
ASYNCH_CLIENT='asynch_client'
ATTR_UNUSED='__attribute__((__unused__))'
AUTH_CLIENT='auth_client'
AUTOCONF='/home/jay/Desktop/xml_rpc/xmlrpc-c/missing autoconf'
AUTOHEADER='/home/jay/Desktop/xml_rpc/xmlrpc-c/missing autoheader'
AUTOMAKE='/home/jay/Desktop/xml_rpc/xmlrpc-c/missing automake'
BUILDDIR='/home/jay/Desktop/xml_rpc/xmlrpc-c'
BUILD_TOOLS='no'
BUILD_XMLRPC_PSTREAM='no'
CC='gcc'
CC_WARN_FLAGS=''
CFLAGS='-g -O2 -D_THREAD'
CLIENTTEST='clienttest'
CPP='gcc -E'
CPPFLAGS=''
CPPTEST='cpptest'
CPP_WARN_FLAGS=''
CURL_CONFIG=''
CURL_LDADD=''
CURL_LIBDIR=''
CXX='g++'
CXXFLAGS='-g -O2'
CXX_COMPILER_GNU='yes'
C_COMPILER_GNU='yes'
DEFS='-DHAVE_CONFIG_H'
DIRECTORY_SEPARATOR='/'
ECHO_C=''
ECHO_N='-n'
ECHO_T=''
EGREP='/bin/grep -E'
ENABLE_ABYSS_SERVER='yes'
ENABLE_ABYSS_THREADS='yes'
ENABLE_CGI_SERVER='yes'
ENABLE_CPLUSPLUS='yes'
ENABLE_LIBXML2_BACKEND='no'
EXEEXT=''
FEATURE_LIST='c++ abyss-server '
GREP='/bin/grep'
HAVE_LIBWWW_SSL_DEFINE='0'
HAVE_SYS_FILIO_H_DEFINE='0'
HAVE_SYS_IOCTL_H_DEFINE='1'
HAVE_SYS_SELECT_H_DEFINE='1'
HAVE_WCHAR_H_DEFINE='1'
INSTALL_DATA='${INSTALL} -m 644'
INSTALL_PROGRAM='${INSTALL}'
INSTALL_SCRIPT='${INSTALL}'
LDFLAGS=''
LIBOBJS=''
LIBS=''
LIBWWW_CONFIG=''
LIBWWW_LDADD=''
LIBWWW_LIBDIR=''
LIBXMLRPC_CPP_A='libxmlrpc_cpp.a'
LSOCKET=''
LTLIBOBJS=''
MAKEINFO='/home/jay/Desktop/xml_rpc/xmlrpc-c/missing makeinfo'
MUST_BUILD_CURL_CLIENT='no'
MUST_BUILD_LIBWWW_CLIENT='no'
MUST_BUILD_WININET_CLIENT='no'
OBJEXT='o'
PACKAGE='xmlrpc-c'
PACKAGE_BUGREPORT=''
PACKAGE_NAME=''
PACKAGE_STRING=''
PACKAGE_TARNAME=''
PACKAGE_URL=''
PACKAGE_VERSION=''
PATH_SEPARATOR=':'
QUERY_MEERKAT='query-meerkat'
RANLIB='ranlib'
SERVER='server'
SERVERTEST='servertest'
SET_MAKE=''
SHELL='/bin/bash'
SYNCH_CLIENT='synch_client'
VALIDATEE='validatee'
VA_LIST_IS_ARRAY_DEFINE='1'
VERSION='x.xx'
WININET_CFLAGS=''
WININET_CONFIG=''
WININET_LDADD=''
WININET_LIBDIR=''
XMLRPCCPP_H='XmlRpcCpp.h'
XMLRPC_ABYSS_H='xmlrpc_abyss.h'
XMLRPC_CLIENT_H='xmlrpc_client.h'
XMLRPC_TRANSPORT_H='xmlrpc_transport.h'
XML_RPC_API2CPP_SUBDIR=''
ac_ct_CC='gcc'
ac_ct_CXX='g++'
bindir='${exec_prefix}/bin'
build='x86_64-unknown-linux-gnu'
build_alias=''
build_cpu='x86_64'
build_os='linux-gnu'
build_vendor='unknown'
datadir='${datarootdir}'
datarootdir='${prefix}/share'
docdir='${datarootdir}/doc/${PACKAGE}'
dvidir='${docdir}'
exec_prefix='${prefix}'
have_curl_config='no'
have_libwww_config='no'
have_wininet_config='no'
have_xml2_config=''
host='x86_64-unknown-linux-gnu'
host_alias=''
host_cpu='x86_64'
host_os='linux-gnu'
host_vendor='unknown'
htmldir='${docdir}'
includedir='${prefix}/include'
infodir='${datarootdir}/info'
libdir='${exec_prefix}/lib'
libexecdir='${exec_prefix}/libexec'
localedir='${datarootdir}/locale'
localstatedir='${prefix}/var'
mandir='${datarootdir}/man'
oldincludedir='/usr/include'
pdfdir='${docdir}'
prefix='/home/jay/Desktop/xml_rpc/installation'
program_transform_name='s,x,x,'
psdir='${docdir}'
sbindir='${exec_prefix}/sbin'
sharedstatedir='${prefix}/com'
sysconfdir='${prefix}/etc'
target_alias=''

## ----------- ##
## confdefs.h. ##
## ----------- ##

/* confdefs.h */
#define PACKAGE_NAME ""
#define PACKAGE_TARNAME ""
#define PACKAGE_VERSION ""
#define PACKAGE_STRING ""
#define PACKAGE_BUGREPORT ""
#define PACKAGE_URL ""
#define PACKAGE "xmlrpc-c"
#define VERSION "x.xx"
#define STDC_HEADERS 1
#define HAVE_SYS_TYPES_H 1
#define HAVE_SYS_STAT_H 1
#define HAVE_STDLIB_H 1
#define HAVE_STRING_H 1
#define HAVE_MEMORY_H 1
#define HAVE_STRINGS_H 1
#define HAVE_INTTYPES_H 1
#define HAVE_STDINT_H 1
#define HAVE_UNISTD_H 1
#define HAVE_WCHAR_H 1
#define HAVE_SYS_IOCTL_H 1
#define HAVE_SYS_SELECT_H 1
#define HAVE_STDARG_H 1
#define HAVE_WCSNCMP 1
#define HAVE_SETGROUPS 1
#define HAVE_ASPRINTF 1
#define HAVE_SETENV 1
#define HAVE_STRTOLL 1
#define HAVE_STRTOULL 1
#define HAVE_STRTOQ 1
#define HAVE_STRTOUQ 1
#define HAVE_PSELECT 1
#define HAVE_GETTIMEOFDAY 1
#define HAVE_LOCALTIME_R 1
#define HAVE_GMTIME_R 1
#define HAVE_STRCASECMP 1

configure: exit 0
