This file contains any messages produced by compilers while
running configure, to aid debugging if configure makes a mistake.

It was created by configure, which was
generated by GNU Autoconf 2.67.  Invocation command line was

  $ ./configure 

## --------- ##
## Platform. ##
## --------- ##

hostname = jay-VirtualBox
uname -m = x86_64
uname -r = 3.11.0-rc6+
uname -s = Linux
uname -v = #2 SMP Sun Sep 22 02:57:49 EDT 2013

/usr/bin/uname -p = unknown
/bin/uname -X     = unknown

/bin/arch              = unknown
/usr/bin/arch -k       = unknown
/usr/convex/getsysinfo = unknown
/usr/bin/hostinfo      = unknown
/bin/machine           = unknown
/usr/bin/oslevel       = unknown
/bin/universe          = unknown

PATH: /usr/lib/x86_64-linux-gnu/qt4/bin
PATH: /usr/local/sbin
PATH: /usr/local/bin
PATH: /usr/sbin
PATH: /usr/bin
PATH: /sbin
PATH: /bin
PATH: /usr/games
PATH: /usr/local/games


## ----------- ##
## Core tests. ##
## ----------- ##

configure:2314: checking for a BSD-compatible install
configure:2382: result: /usr/bin/install -c
configure:2393: checking whether build environment is sane
configure:2430: result: yes
configure:2442: checking whether make sets $(MAKE)
configure:2464: result: yes
configure:2494: checking for working aclocal
configure:2505: result: missing
configure:2509: checking for working autoconf
configure:2520: result: missing
configure:2524: checking for working automake
configure:2535: result: missing
configure:2539: checking for working autoheader
configure:2550: result: missing
configure:2554: checking for working makeinfo
configure:2565: result: missing
configure:2575: checking build system type
configure:2589: result: x86_64-unknown-linux-gnu
configure:2609: checking host system type
configure:2622: result: x86_64-unknown-linux-gnu
configure:2657: checking for wininet-config
configure:2685: result: no
configure:2694: You don't appear to have Wininet installed (no working wininet-config in your command search path), so we will not build the Wininet client XML transport
configure:2704: checking whether to build Wininet client XML transport module
configure:2706: result: no
configure:2722: checking for curl-config
configure:2750: result: no
configure:2759: You don't appear to have Curl installed (no working curl-config in your command search path), so we will not build the Curl client XML transport
configure:2769: checking whether to build Curl client XML transport module
configure:2771: result: no
configure:2787: checking for libwww-config
configure:2815: result: no
configure:2824: You don't appear to have Libwww installed (no working libwww-config in your command search path), so we will not build the Libwww client XML transport
configure:2834: checking whether to build Libwww client XML transport module
configure:2836: result: no
configure:2894: checking for gcc
configure:2910: found /usr/bin/gcc
configure:2921: result: gcc
configure:3150: checking for C compiler version
configure:3159: gcc --version >&5
gcc (Ubuntu/Linaro 4.7.3-1ubuntu1) 4.7.3
Copyright (C) 2012 Free Software Foundation, Inc.
This is free software; see the source for copying conditions.  There is NO
warranty; not even for MERCHANTABILITY or FITNESS FOR A PARTICULAR PURPOSE.

configure:3170: $? = 0
configure:3159: gcc -v >&5
Using built-in specs.
COLLECT_GCC=gcc
COLLECT_LTO_WRAPPER=/usr/lib/gcc/x86_64-linux-gnu/4.7/lto-wrapper
Target: x86_64-linux-gnu
Configured with: ../src/configure -v --with-pkgversion='Ubuntu/Linaro 4.7.3-1ubuntu1' --with-bugurl=file:///usr/share/doc/gcc-4.7/README.Bugs --enable-languages=c,c++,go,fortran,objc,obj-c++ --prefix=/usr --program-suffix=-4.7 --enable-shared --enable-linker-build-id --libexecdir=/usr/lib --without-included-gettext --enable-threads=posix --with-gxx-include-dir=/usr/include/c++/4.7 --libdir=/usr/lib --enable-nls --with-sysroot=/ --enable-clocale=gnu --enable-libstdcxx-debug --enable-libstdcxx-time=yes --enable-gnu-unique-object --enable-plugin --with-system-zlib --enable-objc-gc --with-cloog --enable-cloog-backend=ppl --disable-cloog-version-check --disable-ppl-version-check --enable-multiarch --disable-werror --with-arch-32=i686 --with-abi=m64 --with-multilib-list=m32,m64,mx32 --with-tune=generic --enable-checking=release --build=x86_64-linux-gnu --host=x86_64-linux-gnu --target=x86_64-linux-gnu
Thread model: posix
gcc version 4.7.3 (Ubuntu/Linaro 4.7.3-1ubuntu1) 
configure:3170: $? = 0
configure:3159: gcc -V >&5
gcc: error: unrecognized command line option '-V'
gcc: fatal error: no input files
compilation terminated.
configure:3170: $? = 4
configure:3159: gcc -qversion >&5
gcc: error: unrecognized command line option '-qversion'
gcc: fatal error: no input files
compilation terminated.
configure:3170: $? = 4
configure:3190: checking whether the C compiler works
configure:3212: gcc    conftest.c  >&5
configure:3216: $? = 0
configure:3264: result: yes
configure:3267: checking for C compiler default output file name
configure:3269: result: a.out
configure:3275: checking for suffix of executables
configure:3282: gcc -o conftest    conftest.c  >&5
configure:3286: $? = 0
configure:3308: result: 
configure:3330: checking whether we are cross compiling
configure:3338: gcc -o conftest    conftest.c  >&5
configure:3342: $? = 0
configure:3349: ./conftest
configure:3353: $? = 0
configure:3368: result: no
configure:3373: checking for suffix of object files
configure:3395: gcc -c   conftest.c >&5
configure:3399: $? = 0
configure:3420: result: o
configure:3424: checking whether we are using the GNU C compiler
configure:3443: gcc -c   conftest.c >&5
configure:3443: $? = 0
configure:3452: result: yes
configure:3461: checking whether gcc accepts -g
configure:3481: gcc -c -g  conftest.c >&5
configure:3481: $? = 0
configure:3522: result: yes
configure:3539: checking for gcc option to accept ISO C89
configure:3603: gcc  -c -g -O2  conftest.c >&5
configure:3603: $? = 0
configure:3616: result: none needed
configure:3637: checking for main in -lncurses
configure:3656: gcc -o conftest -g -O2   conftest.c -lncurses   >&5
/usr/bin/ld: cannot find -lncurses
collect2: error: ld returned 1 exit status
configure:3656: $? = 1
configure: failed program was:
| /* confdefs.h */
| #define PACKAGE_NAME ""
| #define PACKAGE_TARNAME ""
| #define PACKAGE_VERSION ""
| #define PACKAGE_STRING ""
| #define PACKAGE_BUGREPORT ""
| #define PACKAGE_URL ""
| #define PACKAGE "xmlrpc-c"
| #define VERSION "x.xx"
| /* end confdefs.h.  */
| 
| 
| int
| main ()
| {
| return main ();
|   ;
|   return 0;
| }
configure:3665: result: no
configure:3673: checking for main in -lreadline
configure:3692: gcc -o conftest -g -O2   conftest.c -lreadline   >&5
/usr/bin/ld: cannot find -lreadline
collect2: error: ld returned 1 exit status
configure:3692: $? = 1
configure: failed program was:
| /* confdefs.h */
| #define PACKAGE_NAME ""
| #define PACKAGE_TARNAME ""
| #define PACKAGE_VERSION ""
| #define PACKAGE_STRING ""
| #define PACKAGE_BUGREPORT ""
| #define PACKAGE_URL ""
| #define PACKAGE "xmlrpc-c"
| #define VERSION "x.xx"
| /* end confdefs.h.  */
| 
| 
| int
| main ()
| {
| return main ();
|   ;
|   return 0;
| }
configure:3701: result: no
configure:3710: checking whether to build tools
configure:3724: result: no
configure:3763: checking whether to build Abyss server module
configure:3772: result: yes
configure:3796: checking whether to build CGI server module
configure:3805: result: yes
configure:3810: checking whether to build C++ wrappers and tools
configure:3819: result: yes
configure:3900: checking for gcc
configure:3927: result: gcc
configure:4156: checking for C compiler version
configure:4165: gcc --version >&5
gcc (Ubuntu/Linaro 4.7.3-1ubuntu1) 4.7.3
Copyright (C) 2012 Free Software Foundation, Inc.
This is free software; see the source for copying conditions.  There is NO
warranty; not even for MERCHANTABILITY or FITNESS FOR A PARTICULAR PURPOSE.

configure:4176: $? = 0
configure:4165: gcc -v >&5
Using built-in specs.
COLLECT_GCC=gcc
COLLECT_LTO_WRAPPER=/usr/lib/gcc/x86_64-linux-gnu/4.7/lto-wrapper
Target: x86_64-linux-gnu
Configured with: ../src/configure -v --with-pkgversion='Ubuntu/Linaro 4.7.3-1ubuntu1' --with-bugurl=file:///usr/share/doc/gcc-4.7/README.Bugs --enable-languages=c,c++,go,fortran,objc,obj-c++ --prefix=/usr --program-suffix=-4.7 --enable-shared --enable-linker-build-id --libexecdir=/usr/lib --without-included-gettext --enable-threads=posix --with-gxx-include-dir=/usr/include/c++/4.7 --libdir=/usr/lib --enable-nls --with-sysroot=/ --enable-clocale=gnu --enable-libstdcxx-debug --enable-libstdcxx-time=yes --enable-gnu-unique-object --enable-plugin --with-system-zlib --enable-objc-gc --with-cloog --enable-cloog-backend=ppl --disable-cloog-version-check --disable-ppl-version-check --enable-multiarch --disable-werror --with-arch-32=i686 --with-abi=m64 --with-multilib-list=m32,m64,mx32 --with-tune=generic --enable-checking=release --build=x86_64-linux-gnu --host=x86_64-linux-gnu --target=x86_64-linux-gnu
Thread model: posix
gcc version 4.7.3 (Ubuntu/Linaro 4.7.3-1ubuntu1) 
configure:4176: $? = 0
configure:4165: gcc -V >&5
gcc: error: unrecognized command line option '-V'
gcc: fatal error: no input files
compilation terminated.
configure:4176: $? = 4
configure:4165: gcc -qversion >&5
gcc: error: unrecognized command line option '-qversion'
gcc: fatal error: no input files
compilation terminated.
configure:4176: $? = 4
configure:4180: checking whether we are using the GNU C compiler
configure:4208: result: yes
configure:4217: checking whether gcc accepts -g
configure:4278: result: yes
configure:4295: checking for gcc option to accept ISO C89
configure:4372: result: none needed
configure:4451: checking for g++
configure:4467: found /usr/bin/g++
configure:4478: result: g++
configure:4505: checking for C++ compiler version
configure:4514: g++ --version >&5
g++ (Ubuntu/Linaro 4.7.3-1ubuntu1) 4.7.3
Copyright (C) 2012 Free Software Foundation, Inc.
This is free software; see the source for copying conditions.  There is NO
warranty; not even for MERCHANTABILITY or FITNESS FOR A PARTICULAR PURPOSE.

configure:4525: $? = 0
configure:4514: g++ -v >&5
Using built-in specs.
COLLECT_GCC=g++
COLLECT_LTO_WRAPPER=/usr/lib/gcc/x86_64-linux-gnu/4.7/lto-wrapper
Target: x86_64-linux-gnu
Configured with: ../src/configure -v --with-pkgversion='Ubuntu/Linaro 4.7.3-1ubuntu1' --with-bugurl=file:///usr/share/doc/gcc-4.7/README.Bugs --enable-languages=c,c++,go,fortran,objc,obj-c++ --prefix=/usr --program-suffix=-4.7 --enable-shared --enable-linker-build-id --libexecdir=/usr/lib --without-included-gettext --enable-threads=posix --with-gxx-include-dir=/usr/include/c++/4.7 --libdir=/usr/lib --enable-nls --with-sysroot=/ --enable-clocale=gnu --enable-libstdcxx-debug --enable-libstdcxx-time=yes --enable-gnu-unique-object --enable-plugin --with-system-zlib --enable-objc-gc --with-cloog --enable-cloog-backend=ppl --disable-cloog-version-check --disable-ppl-version-check --enable-multiarch --disable-werror --with-arch-32=i686 --with-abi=m64 --with-multilib-list=m32,m64,mx32 --with-tune=generic --enable-checking=release --build=x86_64-linux-gnu --host=x86_64-linux-gnu --target=x86_64-linux-gnu
Thread model: posix
gcc version 4.7.3 (Ubuntu/Linaro 4.7.3-1ubuntu1) 
configure:4525: $? = 0
configure:4514: g++ -V >&5
g++: error: unrecognized command line option '-V'
g++: fatal error: no input files
compilation terminated.
configure:4525: $? = 4
configure:4514: g++ -qversion >&5
g++: error: unrecognized command line option '-qversion'
g++: fatal error: no input files
compilation terminated.
configure:4525: $? = 4
configure:4529: checking whether we are using the GNU C++ compiler
configure:4548: g++ -c   conftest.cpp >&5
configure:4548: $? = 0
configure:4557: result: yes
configure:4566: checking whether g++ accepts -g
configure:4586: g++ -c -g  conftest.cpp >&5
configure:4586: $? = 0
configure:4627: result: yes
configure:4659: checking for socket
configure:4659: gcc -o conftest -g -O2   conftest.c  >&5
configure:4659: $? = 0
configure:4659: result: yes
configure:4734: checking how to run the C preprocessor
configure:4765: gcc -E  conftest.c
configure:4765: $? = 0
configure:4779: gcc -E  conftest.c
conftest.c:11:28: fatal error: ac_nonexistent.h: No such file or directory
compilation terminated.
configure:4779: $? = 1
configure: failed program was:
| /* confdefs.h */
| #define PACKAGE_NAME ""
| #define PACKAGE_TARNAME ""
| #define PACKAGE_VERSION ""
| #define PACKAGE_STRING ""
| #define PACKAGE_BUGREPORT ""
| #define PACKAGE_URL ""
| #define PACKAGE "xmlrpc-c"
| #define VERSION "x.xx"
| /* end confdefs.h.  */
| #include <ac_nonexistent.h>
configure:4804: result: gcc -E
configure:4824: gcc -E  conftest.c
configure:4824: $? = 0
configure:4838: gcc -E  conftest.c
conftest.c:11:28: fatal error: ac_nonexistent.h: No such file or directory
compilation terminated.
configure:4838: $? = 1
configure: failed program was:
| /* confdefs.h */
| #define PACKAGE_NAME ""
| #define PACKAGE_TARNAME ""
| #define PACKAGE_VERSION ""
| #define PACKAGE_STRING ""
| #define PACKAGE_BUGREPORT ""
| #define PACKAGE_URL ""
| #define PACKAGE "xmlrpc-c"
| #define VERSION "x.xx"
| /* end confdefs.h.  */
| #include <ac_nonexistent.h>
configure:4867: checking for grep that handles long lines and -e
configure:4925: result: /bin/grep
configure:4930: checking for egrep
configure:4992: result: /bin/grep -E
configure:4997: checking for ANSI C header files
configure:5017: gcc -c -g -O2  conftest.c >&5
configure:5017: $? = 0
configure:5090: gcc -o conftest -g -O2   conftest.c  >&5
configure:5090: $? = 0
configure:5090: ./conftest
configure:5090: $? = 0
configure:5101: result: yes
configure:5116: checking for sys/types.h
configure:5116: gcc -c -g -O2  conftest.c >&5
configure:5116: $? = 0
configure:5116: result: yes
configure:5116: checking for sys/stat.h
configure:5116: gcc -c -g -O2  conftest.c >&5
configure:5116: $? = 0
configure:5116: result: yes
configure:5116: checking for stdlib.h
configure:5116: gcc -c -g -O2  conftest.c >&5
configure:5116: $? = 0
configure:5116: result: yes
configure:5116: checking for string.h
configure:5116: gcc -c -g -O2  conftest.c >&5
configure:5116: $? = 0
configure:5116: result: yes
configure:5116: checking for memory.h
configure:5116: gcc -c -g -O2  conftest.c >&5
configure:5116: $? = 0
configure:5116: result: yes
configure:5116: checking for strings.h
configure:5116: gcc -c -g -O2  conftest.c >&5
configure:5116: $? = 0
configure:5116: result: yes
configure:5116: checking for inttypes.h
configure:5116: gcc -c -g -O2  conftest.c >&5
configure:5116: $? = 0
configure:5116: result: yes
configure:5116: checking for stdint.h
configure:5116: gcc -c -g -O2  conftest.c >&5
configure:5116: $? = 0
configure:5116: result: yes
configure:5116: checking for unistd.h
configure:5116: gcc -c -g -O2  conftest.c >&5
configure:5116: $? = 0
configure:5116: result: yes
configure:5130: checking wchar.h usability
configure:5130: gcc -c -g -O2  conftest.c >&5
configure:5130: $? = 0
configure:5130: result: yes
configure:5130: checking wchar.h presence
configure:5130: gcc -E  conftest.c
configure:5130: $? = 0
configure:5130: result: yes
configure:5130: checking for wchar.h
configure:5130: result: yes
configure:5152: checking sys/filio.h usability
configure:5152: gcc -c -g -O2  conftest.c >&5
conftest.c:55:23: fatal error: sys/filio.h: No such file or directory
compilation terminated.
configure:5152: $? = 1
configure: failed program was:
| /* confdefs.h */
| #define PACKAGE_NAME ""
| #define PACKAGE_TARNAME ""
| #define PACKAGE_VERSION ""
| #define PACKAGE_STRING ""
| #define PACKAGE_BUGREPORT ""
| #define PACKAGE_URL ""
| #define PACKAGE "xmlrpc-c"
| #define VERSION "x.xx"
| #define STDC_HEADERS 1
| #define HAVE_SYS_TYPES_H 1
| #define HAVE_SYS_STAT_H 1
| #define HAVE_STDLIB_H 1
| #define HAVE_STRING_H 1
| #define HAVE_MEMORY_H 1
| #define HAVE_STRINGS_H 1
| #define HAVE_INTTYPES_H 1
| #define HAVE_STDINT_H 1
| #define HAVE_UNISTD_H 1
| #define HAVE_WCHAR_H 1
| /* end confdefs.h.  */
| #include <stdio.h>
| #ifdef HAVE_SYS_TYPES_H
| # include <sys/types.h>
| #endif
| #ifdef HAVE_SYS_STAT_H
| # include <sys/stat.h>
| #endif
| #ifdef STDC_HEADERS
| # include <stdlib.h>
| # include <stddef.h>
| #else
| # ifdef HAVE_STDLIB_H
| #  include <stdlib.h>
| # endif
| #endif
| #ifdef HAVE_STRING_H
| # if !defined STDC_HEADERS && defined HAVE_MEMORY_H
| #  include <memory.h>
| # endif
| # include <string.h>
| #endif
| #ifdef HAVE_STRINGS_H
| # include <strings.h>
| #endif
| #ifdef HAVE_INTTYPES_H
| # include <inttypes.h>
| #endif
| #ifdef HAVE_STDINT_H
| # include <stdint.h>
| #endif
| #ifdef HAVE_UNISTD_H
| # include <unistd.h>
| #endif
| #include <sys/filio.h>
configure:5152: result: no
configure:5152: checking sys/filio.h presence
configure:5152: gcc -E  conftest.c
conftest.c:22:23: fatal error: sys/filio.h: No such file or directory
compilation terminated.
configure:5152: $? = 1
configure: failed program was:
| /* confdefs.h */
| #define PACKAGE_NAME ""
| #define PACKAGE_TARNAME ""
| #define PACKAGE_VERSION ""
| #define PACKAGE_STRING ""
| #define PACKAGE_BUGREPORT ""
| #define PACKAGE_URL ""
| #define PACKAGE "xmlrpc-c"
| #define VERSION "x.xx"
| #define STDC_HEADERS 1
| #define HAVE_SYS_TYPES_H 1
| #define HAVE_SYS_STAT_H 1
| #define HAVE_STDLIB_H 1
| #define HAVE_STRING_H 1
| #define HAVE_MEMORY_H 1
| #define HAVE_STRINGS_H 1
| #define HAVE_INTTYPES_H 1
| #define HAVE_STDINT_H 1
| #define HAVE_UNISTD_H 1
| #define HAVE_WCHAR_H 1
| /* end confdefs.h.  */
| #include <sys/filio.h>
configure:5152: result: no
configure:5152: checking for sys/filio.h
configure:5152: result: no
configure:5173: checking sys/ioctl.h usability
configure:5173: gcc -c -g -O2  conftest.c >&5
configure:5173: $? = 0
configure:5173: result: yes
configure:5173: checking sys/ioctl.h presence
configure:5173: gcc -E  conftest.c
configure:5173: $? = 0
configure:5173: result: yes
configure:5173: checking for sys/ioctl.h
configure:5173: result: yes
configure:5192: checking sys/select.h usability
configure:5192: gcc -c -g -O2  conftest.c >&5
configure:5192: $? = 0
configure:5192: result: yes
configure:5192: checking sys/select.h presence
configure:5192: gcc -E  conftest.c
configure:5192: $? = 0
configure:5192: result: yes
configure:5192: checking for sys/select.h
configure:5192: result: yes
configure:5212: checking stdarg.h usability
configure:5212: gcc -c -g -O2  conftest.c >&5
configure:5212: $? = 0
configure:5212: result: yes
configure:5212: checking stdarg.h presence
configure:5212: gcc -E  conftest.c
configure:5212: $? = 0
configure:5212: result: yes
configure:5212: checking for stdarg.h
configure:5212: result: yes
configure:5229: checking for size_t
configure:5229: gcc -c -g -O2  conftest.c >&5
configure:5229: $? = 0
configure:5229: gcc -c -g -O2  conftest.c >&5
conftest.c: In function 'main':
conftest.c:61:21: error: expected expression before ')' token
configure:5229: $? = 1
configure: failed program was:
| /* confdefs.h */
| #define PACKAGE_NAME ""
| #define PACKAGE_TARNAME ""
| #define PACKAGE_VERSION ""
| #define PACKAGE_STRING ""
| #define PACKAGE_BUGREPORT ""
| #define PACKAGE_URL ""
| #define PACKAGE "xmlrpc-c"
| #define VERSION "x.xx"
| #define STDC_HEADERS 1
| #define HAVE_SYS_TYPES_H 1
| #define HAVE_SYS_STAT_H 1
| #define HAVE_STDLIB_H 1
| #define HAVE_STRING_H 1
| #define HAVE_MEMORY_H 1
| #define HAVE_STRINGS_H 1
| #define HAVE_INTTYPES_H 1
| #define HAVE_STDINT_H 1
| #define HAVE_UNISTD_H 1
| #define HAVE_WCHAR_H 1
| #define HAVE_SYS_IOCTL_H 1
| #define HAVE_SYS_SELECT_H 1
| #define HAVE_STDARG_H 1
| /* end confdefs.h.  */
| #include <stdio.h>
| #ifdef HAVE_SYS_TYPES_H
| # include <sys/types.h>
| #endif
| #ifdef HAVE_SYS_STAT_H
| # include <sys/stat.h>
| #endif
| #ifdef STDC_HEADERS
| # include <stdlib.h>
| # include <stddef.h>
| #else
| # ifdef HAVE_STDLIB_H
| #  include <stdlib.h>
| # endif
| #endif
| #ifdef HAVE_STRING_H
| # if !defined STDC_HEADERS && defined HAVE_MEMORY_H
| #  include <memory.h>
| # endif
| # include <string.h>
| #endif
| #ifdef HAVE_STRINGS_H
| # include <strings.h>
| #endif
| #ifdef HAVE_INTTYPES_H
| # include <inttypes.h>
| #endif
| #ifdef HAVE_STDINT_H
| # include <stdint.h>
| #endif
| #ifdef HAVE_UNISTD_H
| # include <unistd.h>
| #endif
| int
| main ()
| {
| if (sizeof ((size_t)))
| 	    return 0;
|   ;
|   return 0;
| }
configure:5229: result: yes
configure:5242: checking whether va_list is an array
configure:5257: gcc -c -g -O2  conftest.c >&5
conftest.c: In function 'main':
conftest.c:31:29: error: incompatible types when assigning to type 'va_list' from type 'struct __va_list_tag *'
configure:5257: $? = 1
configure: failed program was:
| /* confdefs.h */
| #define PACKAGE_NAME ""
| #define PACKAGE_TARNAME ""
| #define PACKAGE_VERSION ""
| #define PACKAGE_STRING ""
| #define PACKAGE_BUGREPORT ""
| #define PACKAGE_URL ""
| #define PACKAGE "xmlrpc-c"
| #define VERSION "x.xx"
| #define STDC_HEADERS 1
| #define HAVE_SYS_TYPES_H 1
| #define HAVE_SYS_STAT_H 1
| #define HAVE_STDLIB_H 1
| #define HAVE_STRING_H 1
| #define HAVE_MEMORY_H 1
| #define HAVE_STRINGS_H 1
| #define HAVE_INTTYPES_H 1
| #define HAVE_STDINT_H 1
| #define HAVE_UNISTD_H 1
| #define HAVE_WCHAR_H 1
| #define HAVE_SYS_IOCTL_H 1
| #define HAVE_SYS_SELECT_H 1
| #define HAVE_STDARG_H 1
| /* end confdefs.h.  */
| 
| #include <stdarg.h>
| 
| int
| main ()
| {
| va_list list1, list2; list1 = list2;
|   ;
|   return 0;
| }
configure:5263: result: yes
configure:5272: checking whether compiler has __attribute__
configure:5285: gcc -c -g -O2  conftest.c >&5
configure:5285: $? = 0
configure:5291: result: yes
configure:5302: checking for vsnprintf
configure:5302: gcc -o conftest -g -O2   conftest.c  >&5
conftest.c:48:6: warning: conflicting types for built-in function 'vsnprintf' [enabled by default]
configure:5302: $? = 0
configure:5302: result: yes
configure:5314: checking for wcsncmp
configure:5314: gcc -o conftest -g -O2   conftest.c  >&5
configure:5314: $? = 0
configure:5314: result: yes
configure:5326: checking for setgroups
configure:5326: gcc -o conftest -g -O2   conftest.c  >&5
configure:5326: $? = 0
configure:5326: result: yes
configure:5338: checking for asprintf
configure:5338: gcc -o conftest -g -O2   conftest.c  >&5
configure:5338: $? = 0
configure:5338: result: yes
configure:5351: checking for setenv
configure:5351: gcc -o conftest -g -O2   conftest.c  >&5
configure:5351: $? = 0
configure:5351: result: yes
configure:5351: checking for strtoll
configure:5351: gcc -o conftest -g -O2   conftest.c  >&5
configure:5351: $? = 0
configure:5351: result: yes
configure:5351: checking for strtoull
configure:5351: gcc -o conftest -g -O2   conftest.c  >&5
configure:5351: $? = 0
configure:5351: result: yes
configure:5351: checking for strtoq
configure:5351: gcc -o conftest -g -O2   conftest.c  >&5
configure:5351: $? = 0
configure:5351: result: yes
configure:5351: checking for strtouq
configure:5351: gcc -o conftest -g -O2   conftest.c  >&5
configure:5351: $? = 0
configure:5351: result: yes
configure:5351: checking for __strtoll
configure:5351: gcc -o conftest -g -O2   conftest.c  >&5
/tmp/ccUXQftD.o: In function `main':
/home/jay/Desktop/git/xml_rpc/xmlrpc-c/conftest.c:67: undefined reference to `__strtoll'
collect2: error: ld returned 1 exit status
configure:5351: $? = 1
configure: failed program was:
| /* confdefs.h */
| #define PACKAGE_NAME ""
| #define PACKAGE_TARNAME ""
| #define PACKAGE_VERSION ""
| #define PACKAGE_STRING ""
| #define PACKAGE_BUGREPORT ""
| #define PACKAGE_URL ""
| #define PACKAGE "xmlrpc-c"
| #define VERSION "x.xx"
| #define STDC_HEADERS 1
| #define HAVE_SYS_TYPES_H 1
| #define HAVE_SYS_STAT_H 1
| #define HAVE_STDLIB_H 1
| #define HAVE_STRING_H 1
| #define HAVE_MEMORY_H 1
| #define HAVE_STRINGS_H 1
| #define HAVE_INTTYPES_H 1
| #define HAVE_STDINT_H 1
| #define HAVE_UNISTD_H 1
| #define HAVE_WCHAR_H 1
| #define HAVE_SYS_IOCTL_H 1
| #define HAVE_SYS_SELECT_H 1
| #define HAVE_STDARG_H 1
| #define HAVE_WCSNCMP 1
| #define HAVE_SETGROUPS 1
| #define HAVE_ASPRINTF 1
| #define HAVE_SETENV 1
| #define HAVE_STRTOLL 1
| #define HAVE_STRTOULL 1
| #define HAVE_STRTOQ 1
| #define HAVE_STRTOUQ 1
| /* end confdefs.h.  */
| /* Define __strtoll to an innocuous variant, in case <limits.h> declares __strtoll.
|    For example, HP-UX 11i <limits.h> declares gettimeofday.  */
| #define __strtoll innocuous___strtoll
| 
| /* System header to define __stub macros and hopefully few prototypes,
|     which can conflict with char __strtoll (); below.
|     Prefer <limits.h> to <assert.h> if __STDC__ is defined, since
|     <limits.h> exists even on freestanding compilers.  */
| 
| #ifdef __STDC__
| # include <limits.h>
| #else
| # include <assert.h>
| #endif
| 
| #undef __strtoll
| 
| /* Override any GCC internal prototype to avoid an error.
|    Use char because int might match the return type of a GCC
|    builtin and then its argument prototype would still apply.  */
| #ifdef __cplusplus
| extern "C"
| #endif
| char __strtoll ();
| /* The GNU C library defines this for functions which it implements
|     to always fail with ENOSYS.  Some functions are actually named
|     something starting with __ and the normal name is an alias.  */
| #if defined __stub___strtoll || defined __stub_____strtoll
| choke me
| #endif
| 
| int
| main ()
| {
| return __strtoll ();
|   ;
|   return 0;
| }
configure:5351: result: no
configure:5351: checking for __strtoull
configure:5351: gcc -o conftest -g -O2   conftest.c  >&5
/tmp/ccWe3XI4.o: In function `main':
/home/jay/Desktop/git/xml_rpc/xmlrpc-c/conftest.c:67: undefined reference to `__strtoull'
collect2: error: ld returned 1 exit status
configure:5351: $? = 1
configure: failed program was:
| /* confdefs.h */
| #define PACKAGE_NAME ""
| #define PACKAGE_TARNAME ""
| #define PACKAGE_VERSION ""
| #define PACKAGE_STRING ""
| #define PACKAGE_BUGREPORT ""
| #define PACKAGE_URL ""
| #define PACKAGE "xmlrpc-c"
| #define VERSION "x.xx"
| #define STDC_HEADERS 1
| #define HAVE_SYS_TYPES_H 1
| #define HAVE_SYS_STAT_H 1
| #define HAVE_STDLIB_H 1
| #define HAVE_STRING_H 1
| #define HAVE_MEMORY_H 1
| #define HAVE_STRINGS_H 1
| #define HAVE_INTTYPES_H 1
| #define HAVE_STDINT_H 1
| #define HAVE_UNISTD_H 1
| #define HAVE_WCHAR_H 1
| #define HAVE_SYS_IOCTL_H 1
| #define HAVE_SYS_SELECT_H 1
| #define HAVE_STDARG_H 1
| #define HAVE_WCSNCMP 1
| #define HAVE_SETGROUPS 1
| #define HAVE_ASPRINTF 1
| #define HAVE_SETENV 1
| #define HAVE_STRTOLL 1
| #define HAVE_STRTOULL 1
| #define HAVE_STRTOQ 1
| #define HAVE_STRTOUQ 1
| /* end confdefs.h.  */
| /* Define __strtoull to an innocuous variant, in case <limits.h> declares __strtoull.
|    For example, HP-UX 11i <limits.h> declares gettimeofday.  */
| #define __strtoull innocuous___strtoull
| 
| /* System header to define __stub macros and hopefully few prototypes,
|     which can conflict with char __strtoull (); below.
|     Prefer <limits.h> to <assert.h> if __STDC__ is defined, since
|     <limits.h> exists even on freestanding compilers.  */
| 
| #ifdef __STDC__
| # include <limits.h>
| #else
| # include <assert.h>
| #endif
| 
| #undef __strtoull
| 
| /* Override any GCC internal prototype to avoid an error.
|    Use char because int might match the return type of a GCC
|    builtin and then its argument prototype would still apply.  */
| #ifdef __cplusplus
| extern "C"
| #endif
| char __strtoull ();
| /* The GNU C library defines this for functions which it implements
|     to always fail with ENOSYS.  Some functions are actually named
|     something starting with __ and the normal name is an alias.  */
| #if defined __stub___strtoull || defined __stub_____strtoull
| choke me
| #endif
| 
| int
| main ()
| {
| return __strtoull ();
|   ;
|   return 0;
| }
configure:5351: result: no
configure:5363: checking for pselect
configure:5363: gcc -o conftest -g -O2   conftest.c  >&5
configure:5363: $? = 0
configure:5363: result: yes
configure:5375: checking for gettimeofday
configure:5375: gcc -o conftest -g -O2   conftest.c  >&5
configure:5375: $? = 0
configure:5375: result: yes
configure:5386: checking for localtime_r
configure:5386: gcc -o conftest -g -O2   conftest.c  >&5
configure:5386: $? = 0
configure:5386: result: yes
configure:5397: checking for gmtime_r
configure:5397: gcc -o conftest -g -O2   conftest.c  >&5
configure:5397: $? = 0
configure:5397: result: yes
configure:5409: checking for strcasecmp
configure:5409: gcc -o conftest -g -O2   conftest.c  >&5
conftest.c:60:6: warning: conflicting types for built-in function 'strcasecmp' [enabled by default]
configure:5409: $? = 0
configure:5409: result: yes
configure:5420: checking for stricmp
configure:5420: gcc -o conftest -g -O2   conftest.c  >&5
/tmp/cc7qq4gg.o: In function `main':
/home/jay/Desktop/git/xml_rpc/xmlrpc-c/conftest.c:72: undefined reference to `stricmp'
collect2: error: ld returned 1 exit status
configure:5420: $? = 1
configure: failed program was:
| /* confdefs.h */
| #define PACKAGE_NAME ""
| #define PACKAGE_TARNAME ""
| #define PACKAGE_VERSION ""
| #define PACKAGE_STRING ""
| #define PACKAGE_BUGREPORT ""
| #define PACKAGE_URL ""
| #define PACKAGE "xmlrpc-c"
| #define VERSION "x.xx"
| #define STDC_HEADERS 1
| #define HAVE_SYS_TYPES_H 1
| #define HAVE_SYS_STAT_H 1
| #define HAVE_STDLIB_H 1
| #define HAVE_STRING_H 1
| #define HAVE_MEMORY_H 1
| #define HAVE_STRINGS_H 1
| #define HAVE_INTTYPES_H 1
| #define HAVE_STDINT_H 1
| #define HAVE_UNISTD_H 1
| #define HAVE_WCHAR_H 1
| #define HAVE_SYS_IOCTL_H 1
| #define HAVE_SYS_SELECT_H 1
| #define HAVE_STDARG_H 1
| #define HAVE_WCSNCMP 1
| #define HAVE_SETGROUPS 1
| #define HAVE_ASPRINTF 1
| #define HAVE_SETENV 1
| #define HAVE_STRTOLL 1
| #define HAVE_STRTOULL 1
| #define HAVE_STRTOQ 1
| #define HAVE_STRTOUQ 1
| #define HAVE_PSELECT 1
| #define HAVE_GETTIMEOFDAY 1
| #define HAVE_LOCALTIME_R 1
| #define HAVE_GMTIME_R 1
| #define HAVE_STRCASECMP 1
| /* end confdefs.h.  */
| /* Define stricmp to an innocuous variant, in case <limits.h> declares stricmp.
|    For example, HP-UX 11i <limits.h> declares gettimeofday.  */
| #define stricmp innocuous_stricmp
| 
| /* System header to define __stub macros and hopefully few prototypes,
|     which can conflict with char stricmp (); below.
|     Prefer <limits.h> to <assert.h> if __STDC__ is defined, since
|     <limits.h> exists even on freestanding compilers.  */
| 
| #ifdef __STDC__
| # include <limits.h>
| #else
| # include <assert.h>
| #endif
| 
| #undef stricmp
| 
| /* Override any GCC internal prototype to avoid an error.
|    Use char because int might match the return type of a GCC
|    builtin and then its argument prototype would still apply.  */
| #ifdef __cplusplus
| extern "C"
| #endif
| char stricmp ();
| /* The GNU C library defines this for functions which it implements
|     to always fail with ENOSYS.  Some functions are actually named
|     something starting with __ and the normal name is an alias.  */
| #if defined __stub_stricmp || defined __stub___stricmp
| choke me
| #endif
| 
| int
| main ()
| {
| return stricmp ();
|   ;
|   return 0;
| }
configure:5420: result: no
configure:5431: checking for _stricmp
configure:5431: gcc -o conftest -g -O2   conftest.c  >&5
/tmp/ccaPMTZK.o: In function `main':
/home/jay/Desktop/git/xml_rpc/xmlrpc-c/conftest.c:72: undefined reference to `_stricmp'
collect2: error: ld returned 1 exit status
configure:5431: $? = 1
configure: failed program was:
| /* confdefs.h */
| #define PACKAGE_NAME ""
| #define PACKAGE_TARNAME ""
| #define PACKAGE_VERSION ""
| #define PACKAGE_STRING ""
| #define PACKAGE_BUGREPORT ""
| #define PACKAGE_URL ""
| #define PACKAGE "xmlrpc-c"
| #define VERSION "x.xx"
| #define STDC_HEADERS 1
| #define HAVE_SYS_TYPES_H 1
| #define HAVE_SYS_STAT_H 1
| #define HAVE_STDLIB_H 1
| #define HAVE_STRING_H 1
| #define HAVE_MEMORY_H 1
| #define HAVE_STRINGS_H 1
| #define HAVE_INTTYPES_H 1
| #define HAVE_STDINT_H 1
| #define HAVE_UNISTD_H 1
| #define HAVE_WCHAR_H 1
| #define HAVE_SYS_IOCTL_H 1
| #define HAVE_SYS_SELECT_H 1
| #define HAVE_STDARG_H 1
| #define HAVE_WCSNCMP 1
| #define HAVE_SETGROUPS 1
| #define HAVE_ASPRINTF 1
| #define HAVE_SETENV 1
| #define HAVE_STRTOLL 1
| #define HAVE_STRTOULL 1
| #define HAVE_STRTOQ 1
| #define HAVE_STRTOUQ 1
| #define HAVE_PSELECT 1
| #define HAVE_GETTIMEOFDAY 1
| #define HAVE_LOCALTIME_R 1
| #define HAVE_GMTIME_R 1
| #define HAVE_STRCASECMP 1
| /* end confdefs.h.  */
| /* Define _stricmp to an innocuous variant, in case <limits.h> declares _stricmp.
|    For example, HP-UX 11i <limits.h> declares gettimeofday.  */
| #define _stricmp innocuous__stricmp
| 
| /* System header to define __stub macros and hopefully few prototypes,
|     which can conflict with char _stricmp (); below.
|     Prefer <limits.h> to <assert.h> if __STDC__ is defined, since
|     <limits.h> exists even on freestanding compilers.  */
| 
| #ifdef __STDC__
| # include <limits.h>
| #else
| # include <assert.h>
| #endif
| 
| #undef _stricmp
| 
| /* Override any GCC internal prototype to avoid an error.
|    Use char because int might match the return type of a GCC
|    builtin and then its argument prototype would still apply.  */
| #ifdef __cplusplus
| extern "C"
| #endif
| char _stricmp ();
| /* The GNU C library defines this for functions which it implements
|     to always fail with ENOSYS.  Some functions are actually named
|     something starting with __ and the normal name is an alias.  */
| #if defined __stub__stricmp || defined __stub____stricmp
| choke me
| #endif
| 
| int
| main ()
| {
| return _stricmp ();
|   ;
|   return 0;
| }
configure:5431: result: no
configure:5454: checking whether to use Abyss pthread function
configure:5463: result: yes
configure:5744: checking whether to use SSL with libwww
configure:5751: result: no
configure:5767: checking whether to build the libxml2 backend
configure:5769: result: no
configure:5944: creating ./config.status

## ---------------------- ##
## Running config.status. ##
## ---------------------- ##

This file was extended by config.status, which was
generated by GNU Autoconf 2.67.  Invocation command line was

  CONFIG_FILES    = 
  CONFIG_HEADERS  = 
  CONFIG_LINKS    = 
  CONFIG_COMMANDS = 
  $ ./config.status 

on jay-VirtualBox

config.status:918: creating srcdir.mk
config.status:918: creating config.mk
config.status:918: creating xmlrpc_config.h
config.status:918: creating xmlrpc_amconfig.h
config.status:1092: xmlrpc_amconfig.h is unchanged
config.status:1106: executing default-1 commands
configure:7150: ==>
configure:7152: ==>We are not building any client XML transport (see earlier messages explaining why), therefore WE WILL NOT BUILD THE CLIENT LIBRARY.
configure:7154: ==>

## ---------------- ##
## Cache variables. ##
## ---------------- ##

ac_cv_build=x86_64-unknown-linux-gnu
ac_cv_c_compiler_gnu=yes
ac_cv_cxx_compiler_gnu=yes
ac_cv_env_CCC_set=
ac_cv_env_CCC_value=
ac_cv_env_CC_set=
ac_cv_env_CC_value=
ac_cv_env_CFLAGS_set=
ac_cv_env_CFLAGS_value=
ac_cv_env_CPPFLAGS_set=
ac_cv_env_CPPFLAGS_value=
ac_cv_env_CPP_set=
ac_cv_env_CPP_value=
ac_cv_env_CXXFLAGS_set=
ac_cv_env_CXXFLAGS_value=
ac_cv_env_CXX_set=
ac_cv_env_CXX_value=
ac_cv_env_LDFLAGS_set=
ac_cv_env_LDFLAGS_value=
ac_cv_env_LIBS_set=
ac_cv_env_LIBS_value=
ac_cv_env_build_alias_set=
ac_cv_env_build_alias_value=
ac_cv_env_host_alias_set=
ac_cv_env_host_alias_value=
ac_cv_env_target_alias_set=
ac_cv_env_target_alias_value=
ac_cv_func___strtoll=no
ac_cv_func___strtoull=no
ac_cv_func__stricmp=no
ac_cv_func_asprintf=yes
ac_cv_func_gettimeofday=yes
ac_cv_func_gmtime_r=yes
ac_cv_func_localtime_r=yes
ac_cv_func_pselect=yes
ac_cv_func_setenv=yes
ac_cv_func_setgroups=yes
ac_cv_func_socket=yes
ac_cv_func_strcasecmp=yes
ac_cv_func_stricmp=no
ac_cv_func_strtoll=yes
ac_cv_func_strtoq=yes
ac_cv_func_strtoull=yes
ac_cv_func_strtouq=yes
ac_cv_func_vsnprintf=yes
ac_cv_func_wcsncmp=yes
ac_cv_header_inttypes_h=yes
ac_cv_header_memory_h=yes
ac_cv_header_stdarg_h=yes
ac_cv_header_stdc=yes
ac_cv_header_stdint_h=yes
ac_cv_header_stdlib_h=yes
ac_cv_header_string_h=yes
ac_cv_header_strings_h=yes
ac_cv_header_sys_filio_h=no
ac_cv_header_sys_ioctl_h=yes
ac_cv_header_sys_select_h=yes
ac_cv_header_sys_stat_h=yes
ac_cv_header_sys_types_h=yes
ac_cv_header_unistd_h=yes
ac_cv_header_wchar_h=yes
ac_cv_host=x86_64-unknown-linux-gnu
ac_cv_lib_ncurses_main=no
ac_cv_lib_readline_main=no
ac_cv_objext=o
ac_cv_path_EGREP='/bin/grep -E'
ac_cv_path_GREP=/bin/grep
ac_cv_path_install='/usr/bin/install -c'
ac_cv_prog_CPP='gcc -E'
ac_cv_prog_ac_ct_CC=gcc
ac_cv_prog_ac_ct_CXX=g++
ac_cv_prog_cc_c89=
ac_cv_prog_cc_g=yes
ac_cv_prog_cxx_g=yes
ac_cv_prog_have_curl_config=no
ac_cv_prog_have_libwww_config=no
ac_cv_prog_have_wininet_config=no
ac_cv_prog_make_make_set=yes
ac_cv_type_size_t=yes

## ----------------- ##
## Output variables. ##
## ----------------- ##

ABYSS_SUBDIR='abyss'
ACLOCAL='/home/jay/Desktop/git/xml_rpc/xmlrpc-c/missing aclocal'
AR='ar'
ASYNCH_CLIENT='asynch_client'
ATTR_UNUSED='__attribute__((__unused__))'
AUTH_CLIENT='auth_client'
AUTOCONF='/home/jay/Desktop/git/xml_rpc/xmlrpc-c/missing autoconf'
AUTOHEADER='/home/jay/Desktop/git/xml_rpc/xmlrpc-c/missing autoheader'
AUTOMAKE='/home/jay/Desktop/git/xml_rpc/xmlrpc-c/missing automake'
BUILDDIR='/home/jay/Desktop/git/xml_rpc/xmlrpc-c'
BUILD_TOOLS='no'
BUILD_XMLRPC_PSTREAM='no'
CC='gcc'
CC_WARN_FLAGS=''
CFLAGS='-g -O2 -D_THREAD'
CLIENTTEST='clienttest'
CPP='gcc -E'
CPPFLAGS=''
CPPTEST='cpptest'
CPP_WARN_FLAGS=''
CURL_CONFIG=''
CURL_LDADD=''
CURL_LIBDIR=''
CXX='g++'
CXXFLAGS='-g -O2'
CXX_COMPILER_GNU='yes'
C_COMPILER_GNU='yes'
DEFS='-DHAVE_CONFIG_H'
DIRECTORY_SEPARATOR='/'
ECHO_C=''
ECHO_N='-n'
ECHO_T=''
EGREP='/bin/grep -E'
ENABLE_ABYSS_SERVER='yes'
ENABLE_ABYSS_THREADS='yes'
ENABLE_CGI_SERVER='yes'
ENABLE_CPLUSPLUS='yes'
ENABLE_LIBXML2_BACKEND='no'
EXEEXT=''
FEATURE_LIST='c++ abyss-server '
GREP='/bin/grep'
HAVE_LIBWWW_SSL_DEFINE='0'
HAVE_SYS_FILIO_H_DEFINE='0'
HAVE_SYS_IOCTL_H_DEFINE='1'
HAVE_SYS_SELECT_H_DEFINE='1'
HAVE_WCHAR_H_DEFINE='1'
INSTALL_DATA='${INSTALL} -m 644'
INSTALL_PROGRAM='${INSTALL}'
INSTALL_SCRIPT='${INSTALL}'
LDFLAGS=''
LIBOBJS=''
LIBS=''
LIBWWW_CONFIG=''
LIBWWW_LDADD=''
LIBWWW_LIBDIR=''
LIBXMLRPC_CPP_A='libxmlrpc_cpp.a'
LSOCKET=''
LTLIBOBJS=''
MAKEINFO='/home/jay/Desktop/git/xml_rpc/xmlrpc-c/missing makeinfo'
MUST_BUILD_CURL_CLIENT='no'
MUST_BUILD_LIBWWW_CLIENT='no'
MUST_BUILD_WININET_CLIENT='no'
OBJEXT='o'
PACKAGE='xmlrpc-c'
PACKAGE_BUGREPORT=''
PACKAGE_NAME=''
PACKAGE_STRING=''
PACKAGE_TARNAME=''
PACKAGE_URL=''
PACKAGE_VERSION=''
PATH_SEPARATOR=':'
QUERY_MEERKAT='query-meerkat'
RANLIB='ranlib'
SERVER='server'
SERVERTEST='servertest'
SET_MAKE=''
SHELL='/bin/bash'
SYNCH_CLIENT='synch_client'
VALIDATEE='validatee'
VA_LIST_IS_ARRAY_DEFINE='1'
VERSION='x.xx'
WININET_CFLAGS=''
WININET_CONFIG=''
WININET_LDADD=''
WININET_LIBDIR=''
XMLRPCCPP_H='XmlRpcCpp.h'
XMLRPC_ABYSS_H='xmlrpc_abyss.h'
XMLRPC_CLIENT_H='xmlrpc_client.h'
XMLRPC_TRANSPORT_H='xmlrpc_transport.h'
XML_RPC_API2CPP_SUBDIR=''
ac_ct_CC='gcc'
ac_ct_CXX='g++'
bindir='${exec_prefix}/bin'
build='x86_64-unknown-linux-gnu'
build_alias=''
build_cpu='x86_64'
build_os='linux-gnu'
build_vendor='unknown'
datadir='${datarootdir}'
datarootdir='${prefix}/share'
docdir='${datarootdir}/doc/${PACKAGE}'
dvidir='${docdir}'
exec_prefix='${prefix}'
have_curl_config='no'
have_libwww_config='no'
have_wininet_config='no'
have_xml2_config=''
host='x86_64-unknown-linux-gnu'
host_alias=''
host_cpu='x86_64'
host_os='linux-gnu'
host_vendor='unknown'
htmldir='${docdir}'
includedir='${prefix}/include'
infodir='${datarootdir}/info'
libdir='${exec_prefix}/lib'
libexecdir='${exec_prefix}/libexec'
localedir='${datarootdir}/locale'
localstatedir='${prefix}/var'
mandir='${datarootdir}/man'
oldincludedir='/usr/include'
pdfdir='${docdir}'
prefix='/usr/local'
program_transform_name='s,x,x,'
psdir='${docdir}'
sbindir='${exec_prefix}/sbin'
sharedstatedir='${prefix}/com'
sysconfdir='${prefix}/etc'
target_alias=''

## ----------- ##
## confdefs.h. ##
## ----------- ##

/* confdefs.h */
#define PACKAGE_NAME ""
#define PACKAGE_TARNAME ""
#define PACKAGE_VERSION ""
#define PACKAGE_STRING ""
#define PACKAGE_BUGREPORT ""
#define PACKAGE_URL ""
#define PACKAGE "xmlrpc-c"
#define VERSION "x.xx"
#define STDC_HEADERS 1
#define HAVE_SYS_TYPES_H 1
#define HAVE_SYS_STAT_H 1
#define HAVE_STDLIB_H 1
#define HAVE_STRING_H 1
#define HAVE_MEMORY_H 1
#define HAVE_STRINGS_H 1
#define HAVE_INTTYPES_H 1
#define HAVE_STDINT_H 1
#define HAVE_UNISTD_H 1
#define HAVE_WCHAR_H 1
#define HAVE_SYS_IOCTL_H 1
#define HAVE_SYS_SELECT_H 1
#define HAVE_STDARG_H 1
#define HAVE_WCSNCMP 1
#define HAVE_SETGROUPS 1
#define HAVE_ASPRINTF 1
#define HAVE_SETENV 1
#define HAVE_STRTOLL 1
#define HAVE_STRTOULL 1
#define HAVE_STRTOQ 1
#define HAVE_STRTOUQ 1
#define HAVE_PSELECT 1
#define HAVE_GETTIMEOFDAY 1
#define HAVE_LOCALTIME_R 1
#define HAVE_GMTIME_R 1
#define HAVE_STRCASECMP 1

configure: exit 0
